{
    "C:\\Users\\om3ga13\\Desktop\\RECODED\\Projects\\student-store-team-2\\src\\components\\addProduct\\AddProductForm.jsx": {
        "path": "C:\\Users\\om3ga13\\Desktop\\RECODED\\Projects\\student-store-team-2\\src\\components\\addProduct\\AddProductForm.jsx",
        "statementMap": {
            "0": {
                "start": { "line": 367, "column": 0 },
                "end": { "line": 367, "column": 15 }
            },
            "1": {
                "start": { "line": 3, "column": 18 },
                "end": { "line": 3, "column": null }
            },
            "2": {
                "start": { "line": 4, "column": 32 },
                "end": { "line": 4, "column": null }
            },
            "3": {
                "start": { "line": 5, "column": 49 },
                "end": { "line": 5, "column": null }
            },
            "4": {
                "start": { "line": 6, "column": 28 },
                "end": { "line": 6, "column": null }
            },
            "5": {
                "start": { "line": 7, "column": 26 },
                "end": { "line": 7, "column": null }
            },
            "6": {
                "start": { "line": 8, "column": 26 },
                "end": { "line": 8, "column": null }
            },
            "7": {
                "start": { "line": 10, "column": 45 },
                "end": { "line": 10, "column": null }
            },
            "8": {
                "start": { "line": 11, "column": 27 },
                "end": { "line": 11, "column": null }
            },
            "9": {
                "start": { "line": 13, "column": 24 },
                "end": { "line": 13, "column": null }
            },
            "10": {
                "start": { "line": 15, "column": 23 },
                "end": { "line": 365, "column": null }
            },
            "11": {
                "start": { "line": 16, "column": 14 },
                "end": { "line": 16, "column": null }
            },
            "12": {
                "start": { "line": 17, "column": 30 },
                "end": { "line": 17, "column": null }
            },
            "13": {
                "start": { "line": 18, "column": 28 },
                "end": { "line": 18, "column": null }
            },
            "14": {
                "start": { "line": 19, "column": 36 },
                "end": { "line": 19, "column": null }
            },
            "15": {
                "start": { "line": 20, "column": 36 },
                "end": { "line": 20, "column": null }
            },
            "16": {
                "start": { "line": 21, "column": 42 },
                "end": { "line": 21, "column": null }
            },
            "17": {
                "start": { "line": 22, "column": 28 },
                "end": { "line": 22, "column": null }
            },
            "18": {
                "start": { "line": 23, "column": 30 },
                "end": { "line": 23, "column": null }
            },
            "19": {
                "start": { "line": 24, "column": 38 },
                "end": { "line": 24, "column": null }
            },
            "20": {
                "start": { "line": 25, "column": 34 },
                "end": { "line": 25, "column": null }
            },
            "21": {
                "start": { "line": 26, "column": 19 },
                "end": { "line": 35, "column": null }
            },
            "22": {
                "start": { "line": 27, "column": 8 },
                "end": { "line": 34, "column": null }
            },
            "23": {
                "start": { "line": 28, "column": 12 },
                "end": { "line": 33, "column": null }
            },
            "24": {
                "start": { "line": 28, "column": 40 },
                "end": { "line": 33, "column": null }
            },
            "25": {
                "start": { "line": 31, "column": 20 },
                "end": { "line": 31, "column": null }
            },
            "26": {
                "start": { "line": 37, "column": 23 },
                "end": { "line": 41, "column": null }
            },
            "27": {
                "start": { "line": 38, "column": 8 },
                "end": { "line": 38, "column": null }
            },
            "28": {
                "start": { "line": 39, "column": 29 },
                "end": { "line": 39, "column": null }
            },
            "29": {
                "start": { "line": 39, "column": 52 },
                "end": { "line": 39, "column": null }
            },
            "30": {
                "start": { "line": 40, "column": 8 },
                "end": { "line": 40, "column": null }
            },
            "31": {
                "start": { "line": 43, "column": 21 },
                "end": { "line": 43, "column": null }
            },
            "32": {
                "start": { "line": 44, "column": 58 },
                "end": { "line": 49, "column": null }
            },
            "33": {
                "start": { "line": 51, "column": 4 },
                "end": { "line": 54, "column": null }
            },
            "34": {
                "start": { "line": 53, "column": 8 },
                "end": { "line": 53, "column": null }
            },
            "35": {
                "start": { "line": 53, "column": 21 },
                "end": { "line": 53, "column": null }
            },
            "36": {
                "start": { "line": 53, "column": 45 },
                "end": { "line": 53, "column": null }
            },
            "37": {
                "start": { "line": 56, "column": 26 },
                "end": { "line": 62, "column": null }
            },
            "38": {
                "start": { "line": 57, "column": 8 },
                "end": { "line": 61, "column": null }
            },
            "39": {
                "start": { "line": 58, "column": 12 },
                "end": { "line": 58, "column": null }
            },
            "40": {
                "start": { "line": 60, "column": 12 },
                "end": { "line": 60, "column": null }
            },
            "41": {
                "start": { "line": 64, "column": 29 },
                "end": { "line": 81, "column": null }
            },
            "42": {
                "start": { "line": 65, "column": 25 },
                "end": { "line": 65, "column": 39 }
            },
            "43": {
                "start": { "line": 66, "column": 25 },
                "end": { "line": 66, "column": null }
            },
            "44": {
                "start": { "line": 67, "column": 8 },
                "end": { "line": 70, "column": null }
            },
            "45": {
                "start": { "line": 68, "column": 12 },
                "end": { "line": 68, "column": null }
            },
            "46": {
                "start": { "line": 69, "column": 12 },
                "end": { "line": 69, "column": null }
            },
            "47": {
                "start": { "line": 71, "column": 8 },
                "end": { "line": 80, "column": null }
            },
            "48": {
                "start": { "line": 72, "column": 12 },
                "end": { "line": 79, "column": null }
            },
            "49": {
                "start": { "line": 75, "column": 20 },
                "end": { "line": 77, "column": null }
            },
            "50": {
                "start": { "line": 83, "column": 25 },
                "end": { "line": 93, "column": null }
            },
            "51": {
                "start": { "line": 84, "column": 8 },
                "end": { "line": 84, "column": 28 }
            },
            "52": {
                "start": { "line": 86, "column": 8 },
                "end": { "line": 86, "column": null }
            },
            "53": {
                "start": { "line": 87, "column": 8 },
                "end": { "line": 91, "column": null }
            },
            "54": {
                "start": { "line": 88, "column": 12 },
                "end": { "line": 88, "column": null }
            },
            "55": {
                "start": { "line": 90, "column": 12 },
                "end": { "line": 90, "column": null }
            },
            "56": {
                "start": { "line": 92, "column": 8 },
                "end": { "line": 92, "column": null }
            },
            "57": {
                "start": { "line": 96, "column": 30 },
                "end": { "line": 96, "column": 32 }
            },
            "58": {
                "start": { "line": 97, "column": 8 },
                "end": { "line": 126, "column": null }
            },
            "59": {
                "start": { "line": 98, "column": 45 },
                "end": { "line": 98, "column": null }
            },
            "60": {
                "start": { "line": 99, "column": 29 },
                "end": { "line": 99, "column": null }
            },
            "61": {
                "start": { "line": 100, "column": 12 },
                "end": { "line": 100, "column": null }
            },
            "62": {
                "start": { "line": 101, "column": 12 },
                "end": { "line": 103, "column": null }
            },
            "63": {
                "start": { "line": 105, "column": 12 },
                "end": { "line": 105, "column": null }
            },
            "64": {
                "start": { "line": 106, "column": 12 },
                "end": { "line": 106, "column": null }
            },
            "65": {
                "start": { "line": 107, "column": 12 },
                "end": { "line": 107, "column": null }
            },
            "66": {
                "start": { "line": 108, "column": 12 },
                "end": { "line": 108, "column": null }
            },
            "67": {
                "start": { "line": 110, "column": 29 },
                "end": { "line": 110, "column": 74 }
            },
            "68": {
                "start": { "line": 111, "column": 25 },
                "end": { "line": 114, "column": null }
            },
            "69": {
                "start": { "line": 114, "column": 29 },
                "end": { "line": 114, "column": null }
            },
            "70": {
                "start": { "line": 116, "column": 12 },
                "end": { "line": 120, "column": null }
            },
            "71": {
                "start": { "line": 121, "column": 12 },
                "end": { "line": 125, "column": null }
            },
            "72": {
                "start": { "line": 128, "column": 8 },
                "end": { "line": 128, "column": null }
            },
            "73": {
                "start": { "line": 130, "column": 27 },
                "end": { "line": 130, "column": null }
            },
            "74": {
                "start": { "line": 130, "column": 55 },
                "end": { "line": 130, "column": 73 }
            },
            "75": {
                "start": { "line": 132, "column": 22 },
                "end": { "line": 132, "column": null }
            },
            "76": {
                "start": { "line": 133, "column": 21 },
                "end": { "line": 133, "column": null }
            },
            "77": {
                "start": { "line": 134, "column": 22 },
                "end": { "line": 134, "column": null }
            },
            "78": {
                "start": { "line": 135, "column": 20 },
                "end": { "line": 135, "column": null }
            },
            "79": {
                "start": { "line": 136, "column": 30 },
                "end": { "line": 136, "column": 55 }
            },
            "80": {
                "start": { "line": 137, "column": 28 },
                "end": { "line": 148, "column": null }
            },
            "81": {
                "start": { "line": 149, "column": 8 },
                "end": { "line": 149, "column": null }
            },
            "82": {
                "start": { "line": 151, "column": 8 },
                "end": { "line": 151, "column": null }
            },
            "83": {
                "start": { "line": 152, "column": 8 },
                "end": { "line": 152, "column": null }
            },
            "84": {
                "start": { "line": 153, "column": 8 },
                "end": { "line": 153, "column": null }
            },
            "85": {
                "start": { "line": 154, "column": 8 },
                "end": { "line": 154, "column": null }
            },
            "86": {
                "start": { "line": 155, "column": 8 },
                "end": { "line": 155, "column": null }
            },
            "87": {
                "start": { "line": 156, "column": 8 },
                "end": { "line": 156, "column": null }
            },
            "88": {
                "start": { "line": 157, "column": 8 },
                "end": { "line": 157, "column": null }
            },
            "89": {
                "start": { "line": 172, "column": 36 },
                "end": { "line": 172, "column": null }
            },
            "90": {
                "start": { "line": 178, "column": 29 },
                "end": { "line": 200, "column": null }
            },
            "91": {
                "start": { "line": 179, "column": 8 },
                "end": { "line": 199, "column": null }
            },
            "92": {
                "start": { "line": 186, "column": 37 },
                "end": { "line": 186, "column": null }
            },
            "93": {
                "start": { "line": 189, "column": 15 },
                "end": { "line": 199, "column": null }
            },
            "94": {
                "start": { "line": 196, "column": 37 },
                "end": { "line": 196, "column": null }
            },
            "95": {
                "start": { "line": 238, "column": 40 },
                "end": { "line": 239, "column": null }
            },
            "96": {
                "start": { "line": 261, "column": 45 },
                "end": { "line": 261, "column": null }
            },
            "97": {
                "start": { "line": 268, "column": 49 },
                "end": { "line": 268, "column": null }
            },
            "98": {
                "start": { "line": 274, "column": 36 },
                "end": { "line": 274, "column": 57 }
            },
            "99": {
                "start": { "line": 284, "column": 49 },
                "end": { "line": 284, "column": null }
            },
            "100": {
                "start": { "line": 293, "column": 45 },
                "end": { "line": 293, "column": null }
            },
            "101": {
                "start": { "line": 301, "column": 49 },
                "end": { "line": 301, "column": null }
            },
            "102": {
                "start": { "line": 315, "column": 49 },
                "end": { "line": 315, "column": null }
            },
            "103": {
                "start": { "line": 320, "column": 36 },
                "end": { "line": 320, "column": 56 }
            },
            "104": {
                "start": { "line": 353, "column": 28 },
                "end": { "line": 354, "column": null }
            },
            "105": {
                "start": { "line": 367, "column": 15 },
                "end": { "line": 367, "column": null }
            }
        },
        "fnMap": {
            "0": {
                "name": "(anonymous_2)",
                "decl": {
                    "start": { "line": 15, "column": 23 },
                    "end": { "line": 15, "column": 24 }
                },
                "loc": {
                    "start": { "line": 15, "column": 49 },
                    "end": { "line": 365, "column": null }
                }
            },
            "1": {
                "name": "(anonymous_3)",
                "decl": {
                    "start": { "line": 26, "column": 31 },
                    "end": { "line": 26, "column": 32 }
                },
                "loc": {
                    "start": { "line": 26, "column": 32 },
                    "end": { "line": 35, "column": 7 }
                }
            },
            "2": {
                "name": "(anonymous_4)",
                "decl": {
                    "start": { "line": 28, "column": 21 },
                    "end": { "line": 28, "column": 22 }
                },
                "loc": {
                    "start": { "line": 28, "column": 40 },
                    "end": { "line": 33, "column": null }
                }
            },
            "3": {
                "name": "(anonymous_5)",
                "decl": {
                    "start": { "line": 30, "column": 37 },
                    "end": { "line": 30, "column": 38 }
                },
                "loc": {
                    "start": { "line": 31, "column": 20 },
                    "end": { "line": 31, "column": null }
                }
            },
            "4": {
                "name": "(anonymous_6)",
                "decl": {
                    "start": { "line": 37, "column": 23 },
                    "end": { "line": 37, "column": 24 }
                },
                "loc": {
                    "start": { "line": 37, "column": 30 },
                    "end": { "line": 41, "column": null }
                }
            },
            "5": {
                "name": "(anonymous_7)",
                "decl": {
                    "start": { "line": 39, "column": 42 },
                    "end": { "line": 39, "column": 43 }
                },
                "loc": {
                    "start": { "line": 39, "column": 52 },
                    "end": { "line": 39, "column": null }
                }
            },
            "6": {
                "name": "(anonymous_8)",
                "decl": {
                    "start": { "line": 51, "column": 14 },
                    "end": { "line": 51, "column": null }
                },
                "loc": {
                    "start": { "line": 51, "column": 14 },
                    "end": { "line": 54, "column": 7 }
                }
            },
            "7": {
                "name": "(anonymous_9)",
                "decl": {
                    "start": { "line": 53, "column": 15 },
                    "end": { "line": 53, "column": 21 }
                },
                "loc": {
                    "start": { "line": 53, "column": 21 },
                    "end": { "line": 53, "column": null }
                }
            },
            "8": {
                "name": "(anonymous_10)",
                "decl": {
                    "start": { "line": 53, "column": 35 },
                    "end": { "line": 53, "column": 36 }
                },
                "loc": {
                    "start": { "line": 53, "column": 45 },
                    "end": { "line": 53, "column": null }
                }
            },
            "9": {
                "name": "(anonymous_11)",
                "decl": {
                    "start": { "line": 56, "column": 26 },
                    "end": { "line": 56, "column": null }
                },
                "loc": {
                    "start": { "line": 56, "column": 26 },
                    "end": { "line": 62, "column": null }
                }
            },
            "10": {
                "name": "(anonymous_12)",
                "decl": {
                    "start": { "line": 64, "column": 29 },
                    "end": { "line": 64, "column": 30 }
                },
                "loc": {
                    "start": { "line": 64, "column": 30 },
                    "end": { "line": 81, "column": null }
                }
            },
            "11": {
                "name": "(anonymous_13)",
                "decl": {
                    "start": { "line": 74, "column": 59 },
                    "end": { "line": 74, "column": 60 }
                },
                "loc": {
                    "start": { "line": 75, "column": 20 },
                    "end": { "line": 77, "column": null }
                }
            },
            "12": {
                "name": "(anonymous_14)",
                "decl": {
                    "start": { "line": 83, "column": 25 },
                    "end": { "line": 83, "column": 32 }
                },
                "loc": {
                    "start": { "line": 83, "column": 32 },
                    "end": { "line": 93, "column": null }
                }
            },
            "13": {
                "name": "action",
                "decl": {
                    "start": { "line": 95, "column": 19 },
                    "end": { "line": 95, "column": null }
                },
                "loc": {
                    "start": { "line": 95, "column": 19 },
                    "end": { "line": 158, "column": null }
                }
            },
            "14": {
                "name": "(anonymous_16)",
                "decl": {
                    "start": { "line": 114, "column": 20 },
                    "end": { "line": 114, "column": 21 }
                },
                "loc": {
                    "start": { "line": 114, "column": 29 },
                    "end": { "line": 114, "column": null }
                }
            },
            "15": {
                "name": "(anonymous_17)",
                "decl": {
                    "start": { "line": 130, "column": 45 },
                    "end": { "line": 130, "column": 46 }
                },
                "loc": {
                    "start": { "line": 130, "column": 55 },
                    "end": { "line": 130, "column": 73 }
                }
            },
            "16": {
                "name": "(anonymous_19)",
                "decl": {
                    "start": { "line": 172, "column": 25 },
                    "end": { "line": 172, "column": 26 }
                },
                "loc": {
                    "start": { "line": 172, "column": 36 },
                    "end": { "line": 172, "column": null }
                }
            },
            "17": {
                "name": "(anonymous_20)",
                "decl": {
                    "start": { "line": 178, "column": 29 },
                    "end": { "line": 178, "column": null }
                },
                "loc": {
                    "start": { "line": 178, "column": 29 },
                    "end": { "line": 200, "column": null }
                }
            },
            "18": {
                "name": "(anonymous_21)",
                "decl": {
                    "start": { "line": 186, "column": 30 },
                    "end": { "line": 186, "column": 31 }
                },
                "loc": {
                    "start": { "line": 186, "column": 37 },
                    "end": { "line": 186, "column": null }
                }
            },
            "19": {
                "name": "(anonymous_22)",
                "decl": {
                    "start": { "line": 196, "column": 30 },
                    "end": { "line": 196, "column": 31 }
                },
                "loc": {
                    "start": { "line": 196, "column": 37 },
                    "end": { "line": 196, "column": null }
                }
            },
            "20": {
                "name": "(anonymous_23)",
                "decl": {
                    "start": { "line": 237, "column": 47 },
                    "end": { "line": 237, "column": 48 }
                },
                "loc": {
                    "start": { "line": 238, "column": 40 },
                    "end": { "line": 239, "column": null }
                }
            },
            "21": {
                "name": "(anonymous_24)",
                "decl": {
                    "start": { "line": 261, "column": 38 },
                    "end": { "line": 261, "column": 39 }
                },
                "loc": {
                    "start": { "line": 261, "column": 45 },
                    "end": { "line": 261, "column": null }
                }
            },
            "22": {
                "name": "(anonymous_25)",
                "decl": {
                    "start": { "line": 268, "column": 42 },
                    "end": { "line": 268, "column": 43 }
                },
                "loc": {
                    "start": { "line": 268, "column": 49 },
                    "end": { "line": 268, "column": null }
                }
            },
            "23": {
                "name": "(anonymous_26)",
                "decl": {
                    "start": { "line": 273, "column": 48 },
                    "end": { "line": 273, "column": 49 }
                },
                "loc": {
                    "start": { "line": 274, "column": 36 },
                    "end": { "line": 274, "column": 57 }
                }
            },
            "24": {
                "name": "(anonymous_27)",
                "decl": {
                    "start": { "line": 284, "column": 42 },
                    "end": { "line": 284, "column": 43 }
                },
                "loc": {
                    "start": { "line": 284, "column": 49 },
                    "end": { "line": 284, "column": null }
                }
            },
            "25": {
                "name": "(anonymous_28)",
                "decl": {
                    "start": { "line": 293, "column": 38 },
                    "end": { "line": 293, "column": 39 }
                },
                "loc": {
                    "start": { "line": 293, "column": 45 },
                    "end": { "line": 293, "column": null }
                }
            },
            "26": {
                "name": "(anonymous_29)",
                "decl": {
                    "start": { "line": 301, "column": 42 },
                    "end": { "line": 301, "column": 43 }
                },
                "loc": {
                    "start": { "line": 301, "column": 49 },
                    "end": { "line": 301, "column": null }
                }
            },
            "27": {
                "name": "(anonymous_30)",
                "decl": {
                    "start": { "line": 315, "column": 42 },
                    "end": { "line": 315, "column": 43 }
                },
                "loc": {
                    "start": { "line": 315, "column": 49 },
                    "end": { "line": 315, "column": null }
                }
            },
            "28": {
                "name": "(anonymous_31)",
                "decl": {
                    "start": { "line": 319, "column": 60 },
                    "end": { "line": 319, "column": 61 }
                },
                "loc": {
                    "start": { "line": 320, "column": 36 },
                    "end": { "line": 320, "column": 56 }
                }
            },
            "29": {
                "name": "(anonymous_32)",
                "decl": {
                    "start": { "line": 352, "column": 35 },
                    "end": { "line": 352, "column": 36 }
                },
                "loc": {
                    "start": { "line": 353, "column": 28 },
                    "end": { "line": 354, "column": null }
                }
            }
        },
        "branchMap": {
            "0": {
                "loc": {
                    "start": { "line": 27, "column": 8 },
                    "end": { "line": 34, "column": null }
                },
                "type": "if",
                "locations": [
                    {
                        "start": { "line": 27, "column": 8 },
                        "end": { "line": 34, "column": null }
                    }
                ]
            },
            "1": {
                "loc": {
                    "start": { "line": 57, "column": 8 },
                    "end": { "line": 61, "column": null }
                },
                "type": "if",
                "locations": [
                    {
                        "start": { "line": 57, "column": 8 },
                        "end": { "line": 61, "column": null }
                    },
                    {
                        "start": { "line": 59, "column": 15 },
                        "end": { "line": 61, "column": null }
                    }
                ]
            },
            "2": {
                "loc": {
                    "start": { "line": 67, "column": 8 },
                    "end": { "line": 70, "column": null }
                },
                "type": "if",
                "locations": [
                    {
                        "start": { "line": 67, "column": 8 },
                        "end": { "line": 70, "column": null }
                    }
                ]
            },
            "3": {
                "loc": {
                    "start": { "line": 71, "column": 8 },
                    "end": { "line": 80, "column": null }
                },
                "type": "if",
                "locations": [
                    {
                        "start": { "line": 71, "column": 8 },
                        "end": { "line": 80, "column": null }
                    }
                ]
            },
            "4": {
                "loc": {
                    "start": { "line": 179, "column": 8 },
                    "end": { "line": 199, "column": null }
                },
                "type": "if",
                "locations": [
                    {
                        "start": { "line": 179, "column": 8 },
                        "end": { "line": 199, "column": null }
                    },
                    {
                        "start": { "line": 189, "column": 15 },
                        "end": { "line": 199, "column": null }
                    }
                ]
            },
            "5": {
                "loc": {
                    "start": { "line": 189, "column": 15 },
                    "end": { "line": 199, "column": null }
                },
                "type": "if",
                "locations": [
                    {
                        "start": { "line": 189, "column": 15 },
                        "end": { "line": 199, "column": null }
                    }
                ]
            },
            "6": {
                "loc": {
                    "start": { "line": 207, "column": 16 },
                    "end": { "line": 211, "column": null }
                },
                "type": "cond-expr",
                "locations": [
                    {
                        "start": { "line": 207, "column": 16 },
                        "end": { "line": 211, "column": null }
                    }
                ]
            },
            "7": {
                "loc": {
                    "start": { "line": 213, "column": 25 },
                    "end": { "line": 213, "column": null }
                },
                "type": "binary-expr",
                "locations": [
                    {
                        "start": { "line": 213, "column": 25 },
                        "end": { "line": 213, "column": null }
                    }
                ]
            },
            "8": {
                "loc": {
                    "start": { "line": 217, "column": 36 },
                    "end": { "line": 217, "column": null }
                },
                "type": "cond-expr",
                "locations": [
                    {
                        "start": { "line": 217, "column": 57 },
                        "end": { "line": 217, "column": 66 }
                    },
                    {
                        "start": { "line": 217, "column": 66 },
                        "end": { "line": 217, "column": null }
                    }
                ]
            },
            "9": {
                "loc": {
                    "start": { "line": 234, "column": 25 },
                    "end": { "line": 234, "column": null }
                },
                "type": "binary-expr",
                "locations": [
                    {
                        "start": { "line": 234, "column": 25 },
                        "end": { "line": 234, "column": null }
                    }
                ]
            },
            "10": {
                "loc": {
                    "start": { "line": 241, "column": 48 },
                    "end": { "line": 244, "column": null }
                },
                "type": "cond-expr",
                "locations": [
                    {
                        "start": { "line": 243, "column": 54 },
                        "end": { "line": 243, "column": null }
                    },
                    {
                        "start": { "line": 244, "column": 54 },
                        "end": { "line": 244, "column": null }
                    }
                ]
            },
            "11": {
                "loc": {
                    "start": { "line": 241, "column": 48 },
                    "end": { "line": 242, "column": null }
                },
                "type": "binary-expr",
                "locations": [
                    {
                        "start": { "line": 241, "column": 48 },
                        "end": { "line": 241, "column": null }
                    },
                    {
                        "start": { "line": 242, "column": 48 },
                        "end": { "line": 242, "column": null }
                    }
                ]
            }
        },
        "s": {
            "0": 1,
            "1": 1,
            "2": 1,
            "3": 1,
            "4": 1,
            "5": 1,
            "6": 1,
            "7": 1,
            "8": 1,
            "9": 1,
            "10": 1,
            "11": 1,
            "12": 1,
            "13": 1,
            "14": 1,
            "15": 1,
            "16": 1,
            "17": 1,
            "18": 1,
            "19": 1,
            "20": 1,
            "21": 1,
            "22": 0,
            "23": 0,
            "24": 0,
            "25": 0,
            "26": 1,
            "27": 0,
            "28": 0,
            "29": 0,
            "30": 0,
            "31": 1,
            "32": 1,
            "33": 1,
            "34": 0,
            "35": 0,
            "36": 0,
            "37": 1,
            "38": 0,
            "39": 0,
            "40": 0,
            "41": 1,
            "42": 0,
            "43": 0,
            "44": 0,
            "45": 0,
            "46": 0,
            "47": 0,
            "48": 0,
            "49": 0,
            "50": 1,
            "51": 0,
            "52": 0,
            "53": 0,
            "54": 0,
            "55": 0,
            "56": 0,
            "57": 0,
            "58": 0,
            "59": 0,
            "60": 0,
            "61": 0,
            "62": 0,
            "63": 0,
            "64": 0,
            "65": 0,
            "66": 0,
            "67": 0,
            "68": 0,
            "69": 0,
            "70": 0,
            "71": 0,
            "72": 0,
            "73": 0,
            "74": 0,
            "75": 0,
            "76": 0,
            "77": 0,
            "78": 0,
            "79": 0,
            "80": 0,
            "81": 0,
            "82": 0,
            "83": 0,
            "84": 0,
            "85": 0,
            "86": 0,
            "87": 0,
            "88": 0,
            "89": 0,
            "90": 1,
            "91": 1,
            "92": 0,
            "93": 0,
            "94": 0,
            "95": 0,
            "96": 0,
            "97": 0,
            "98": 1,
            "99": 0,
            "100": 0,
            "101": 0,
            "102": 0,
            "103": 11,
            "104": 0,
            "105": 1
        },
        "f": {
            "0": 1,
            "1": 0,
            "2": 0,
            "3": 0,
            "4": 0,
            "5": 0,
            "6": 0,
            "7": 0,
            "8": 0,
            "9": 0,
            "10": 0,
            "11": 0,
            "12": 0,
            "13": 0,
            "14": 0,
            "15": 0,
            "16": 0,
            "17": 1,
            "18": 0,
            "19": 0,
            "20": 0,
            "21": 0,
            "22": 0,
            "23": 1,
            "24": 0,
            "25": 0,
            "26": 0,
            "27": 0,
            "28": 11,
            "29": 0
        },
        "b": {
            "0": [0],
            "1": [0, 0],
            "2": [0],
            "3": [0],
            "4": [1, 0],
            "5": [0],
            "6": [0],
            "7": [1],
            "8": [1, 0],
            "9": [1],
            "10": [0, 0],
            "11": [0, 0]
        }
    },
    "C:\\Users\\om3ga13\\Desktop\\RECODED\\Projects\\student-store-team-2\\src\\components\\addedGrid\\AddedGrid.jsx": {
        "path": "C:\\Users\\om3ga13\\Desktop\\RECODED\\Projects\\student-store-team-2\\src\\components\\addedGrid\\AddedGrid.jsx",
        "statementMap": {
            "0": {
                "start": { "line": 6, "column": 24 },
                "end": { "line": 6, "column": 34 }
            },
            "1": {
                "start": { "line": 2, "column": 32 },
                "end": { "line": 2, "column": null }
            },
            "2": {
                "start": { "line": 4, "column": 24 },
                "end": { "line": 4, "column": null }
            },
            "3": {
                "start": { "line": 7, "column": 14 },
                "end": { "line": 7, "column": null }
            },
            "4": {
                "start": { "line": 16, "column": 24 },
                "end": { "line": 16, "column": 55 }
            }
        },
        "fnMap": {
            "0": {
                "name": "AddedGrid",
                "decl": {
                    "start": { "line": 6, "column": 24 },
                    "end": { "line": 6, "column": 34 }
                },
                "loc": {
                    "start": { "line": 6, "column": 52 },
                    "end": { "line": 21, "column": null }
                }
            },
            "1": {
                "name": "(anonymous_3)",
                "decl": {
                    "start": { "line": 15, "column": 39 },
                    "end": { "line": 15, "column": 40 }
                },
                "loc": {
                    "start": { "line": 16, "column": 24 },
                    "end": { "line": 16, "column": 55 }
                }
            }
        },
        "branchMap": {
            "0": {
                "loc": {
                    "start": { "line": 14, "column": 17 },
                    "end": { "line": 16, "column": 55 }
                },
                "type": "binary-expr",
                "locations": [
                    {
                        "start": { "line": 14, "column": 17 },
                        "end": { "line": 14, "column": null }
                    },
                    {
                        "start": { "line": 15, "column": 20 },
                        "end": { "line": 16, "column": 55 }
                    }
                ]
            }
        },
        "s": { "0": 1, "1": 1, "2": 1, "3": 1, "4": 0 },
        "f": { "0": 1, "1": 0 },
        "b": { "0": [1, 0] }
    },
    "C:\\Users\\om3ga13\\Desktop\\RECODED\\Projects\\student-store-team-2\\src\\components\\authPage\\authFooter\\AuthFooter.js": {
        "path": "C:\\Users\\om3ga13\\Desktop\\RECODED\\Projects\\student-store-team-2\\src\\components\\authPage\\authFooter\\AuthFooter.js",
        "statementMap": {
            "0": {
                "start": { "line": 30, "column": 0 },
                "end": { "line": 30, "column": 15 }
            },
            "1": {
                "start": { "line": 2, "column": 17 },
                "end": { "line": 2, "column": null }
            },
            "2": {
                "start": { "line": 3, "column": 32 },
                "end": { "line": 3, "column": null }
            },
            "3": {
                "start": { "line": 5, "column": 19 },
                "end": { "line": 28, "column": null }
            },
            "4": {
                "start": { "line": 6, "column": 14 },
                "end": { "line": 6, "column": null }
            },
            "5": {
                "start": { "line": 7, "column": 17 },
                "end": { "line": 7, "column": null }
            },
            "6": {
                "start": { "line": 8, "column": 17 },
                "end": { "line": 8, "column": null }
            },
            "7": {
                "start": { "line": 9, "column": 21 },
                "end": { "line": 9, "column": null }
            },
            "8": {
                "start": { "line": 30, "column": 15 },
                "end": { "line": 30, "column": null }
            }
        },
        "fnMap": {
            "0": {
                "name": "(anonymous_2)",
                "decl": {
                    "start": { "line": 5, "column": 19 },
                    "end": { "line": 5, "column": 20 }
                },
                "loc": {
                    "start": { "line": 5, "column": 28 },
                    "end": { "line": 28, "column": null }
                }
            }
        },
        "branchMap": {
            "0": {
                "loc": {
                    "start": { "line": 7, "column": 17 },
                    "end": { "line": 7, "column": null }
                },
                "type": "cond-expr",
                "locations": [
                    {
                        "start": { "line": 7, "column": 36 },
                        "end": { "line": 7, "column": 55 }
                    },
                    {
                        "start": { "line": 7, "column": 55 },
                        "end": { "line": 7, "column": null }
                    }
                ]
            },
            "1": {
                "loc": {
                    "start": { "line": 8, "column": 17 },
                    "end": { "line": 8, "column": null }
                },
                "type": "cond-expr",
                "locations": [
                    {
                        "start": { "line": 8, "column": 36 },
                        "end": { "line": 8, "column": 49 }
                    },
                    {
                        "start": { "line": 8, "column": 49 },
                        "end": { "line": 8, "column": null }
                    }
                ]
            },
            "2": {
                "loc": {
                    "start": { "line": 9, "column": 21 },
                    "end": { "line": 9, "column": null }
                },
                "type": "cond-expr",
                "locations": [
                    {
                        "start": { "line": 9, "column": 40 },
                        "end": { "line": 9, "column": 52 }
                    },
                    {
                        "start": { "line": 9, "column": 52 },
                        "end": { "line": 9, "column": null }
                    }
                ]
            }
        },
        "s": {
            "0": 1,
            "1": 1,
            "2": 1,
            "3": 1,
            "4": 1,
            "5": 1,
            "6": 1,
            "7": 1,
            "8": 1
        },
        "f": { "0": 1 },
        "b": { "0": [0, 1], "1": [0, 1], "2": [0, 1] }
    },
    "C:\\Users\\om3ga13\\Desktop\\RECODED\\Projects\\student-store-team-2\\src\\components\\authPage\\authHeader\\AuthHeader.js": {
        "path": "C:\\Users\\om3ga13\\Desktop\\RECODED\\Projects\\student-store-team-2\\src\\components\\authPage\\authHeader\\AuthHeader.js",
        "statementMap": {
            "0": {
                "start": { "line": 37, "column": 0 },
                "end": { "line": 37, "column": 15 }
            },
            "1": {
                "start": { "line": 2, "column": 18 },
                "end": { "line": 2, "column": null }
            },
            "2": {
                "start": { "line": 3, "column": 32 },
                "end": { "line": 3, "column": null }
            },
            "3": {
                "start": { "line": 4, "column": 18 },
                "end": { "line": 4, "column": null }
            },
            "4": {
                "start": { "line": 6, "column": 19 },
                "end": { "line": 35, "column": null }
            },
            "5": {
                "start": { "line": 7, "column": 14 },
                "end": { "line": 7, "column": null }
            },
            "6": {
                "start": { "line": 37, "column": 15 },
                "end": { "line": 37, "column": null }
            }
        },
        "fnMap": {
            "0": {
                "name": "(anonymous_2)",
                "decl": {
                    "start": { "line": 6, "column": 19 },
                    "end": { "line": 6, "column": 20 }
                },
                "loc": {
                    "start": { "line": 6, "column": 39 },
                    "end": { "line": 35, "column": null }
                }
            }
        },
        "branchMap": {},
        "s": { "0": 1, "1": 1, "2": 1, "3": 1, "4": 1, "5": 1, "6": 1 },
        "f": { "0": 1 },
        "b": {}
    },
    "C:\\Users\\om3ga13\\Desktop\\RECODED\\Projects\\student-store-team-2\\src\\components\\buyborrow-btn\\BuyBorrowBtn.jsx": {
        "path": "C:\\Users\\om3ga13\\Desktop\\RECODED\\Projects\\student-store-team-2\\src\\components\\buyborrow-btn\\BuyBorrowBtn.jsx",
        "statementMap": {
            "0": {
                "start": { "line": 36, "column": 0 },
                "end": { "line": 36, "column": 15 }
            },
            "1": {
                "start": { "line": 1, "column": 32 },
                "end": { "line": 1, "column": null }
            },
            "2": {
                "start": { "line": 2, "column": 26 },
                "end": { "line": 2, "column": null }
            },
            "3": {
                "start": { "line": 5, "column": 14 },
                "end": { "line": 5, "column": null }
            },
            "4": {
                "start": { "line": 8, "column": 8 },
                "end": { "line": 8, "column": null }
            },
            "5": {
                "start": { "line": 10, "column": 8 },
                "end": { "line": 10, "column": null }
            },
            "6": {
                "start": { "line": 11, "column": 24 },
                "end": { "line": 11, "column": null }
            },
            "7": {
                "start": { "line": 13, "column": 26 },
                "end": { "line": 15, "column": null }
            },
            "8": {
                "start": { "line": 36, "column": 15 },
                "end": { "line": 36, "column": null }
            }
        },
        "fnMap": {
            "0": {
                "name": "BuyBorrowBtn",
                "decl": {
                    "start": { "line": 4, "column": 9 },
                    "end": { "line": 4, "column": 22 }
                },
                "loc": {
                    "start": { "line": 4, "column": 65 },
                    "end": { "line": 34, "column": null }
                }
            }
        },
        "branchMap": {
            "0": {
                "loc": {
                    "start": { "line": 11, "column": 24 },
                    "end": { "line": 11, "column": null }
                },
                "type": "cond-expr",
                "locations": [
                    {
                        "start": { "line": 11, "column": 42 },
                        "end": { "line": 11, "column": 53 }
                    },
                    {
                        "start": { "line": 11, "column": 53 },
                        "end": { "line": 11, "column": null }
                    }
                ]
            },
            "1": {
                "loc": {
                    "start": { "line": 13, "column": 26 },
                    "end": { "line": 15, "column": null }
                },
                "type": "cond-expr",
                "locations": [
                    {
                        "start": { "line": 14, "column": 10 },
                        "end": { "line": 14, "column": null }
                    },
                    {
                        "start": { "line": 15, "column": 10 },
                        "end": { "line": 15, "column": null }
                    }
                ]
            },
            "2": {
                "loc": {
                    "start": { "line": 19, "column": 13 },
                    "end": { "line": 31, "column": null }
                },
                "type": "cond-expr",
                "locations": [
                    {
                        "start": { "line": 20, "column": 16 },
                        "end": { "line": 31, "column": null }
                    },
                    {
                        "start": { "line": 31, "column": 16 },
                        "end": { "line": 31, "column": null }
                    }
                ]
            },
            "3": {
                "loc": {
                    "start": { "line": 19, "column": 13 },
                    "end": { "line": 19, "column": null }
                },
                "type": "binary-expr",
                "locations": [
                    {
                        "start": { "line": 19, "column": 13 },
                        "end": { "line": 19, "column": 32 }
                    },
                    {
                        "start": { "line": 19, "column": 32 },
                        "end": { "line": 19, "column": null }
                    }
                ]
            },
            "4": {
                "loc": {
                    "start": { "line": 26, "column": 24 },
                    "end": { "line": 26, "column": null }
                },
                "type": "cond-expr",
                "locations": [
                    {
                        "start": { "line": 26, "column": 24 },
                        "end": { "line": 26, "column": null }
                    }
                ]
            }
        },
        "s": {
            "0": 2,
            "1": 2,
            "2": 2,
            "3": 2,
            "4": 2,
            "5": 2,
            "6": 2,
            "7": 2,
            "8": 2
        },
        "f": { "0": 2 },
        "b": { "0": [0, 2], "1": [0, 2], "2": [1, 1], "3": [2, 2], "4": [1] }
    },
    "C:\\Users\\om3ga13\\Desktop\\RECODED\\Projects\\student-store-team-2\\src\\components\\checkoutForm\\CheckoutForm.jsx": {
        "path": "C:\\Users\\om3ga13\\Desktop\\RECODED\\Projects\\student-store-team-2\\src\\components\\checkoutForm\\CheckoutForm.jsx",
        "statementMap": {
            "0": {
                "start": { "line": 6, "column": 24 },
                "end": { "line": 6, "column": null }
            },
            "1": {
                "start": { "line": 3, "column": 18 },
                "end": { "line": 3, "column": null }
            },
            "2": {
                "start": { "line": 4, "column": 18 },
                "end": { "line": 4, "column": null }
            }
        },
        "fnMap": {
            "0": {
                "name": "CheckoutForm",
                "decl": {
                    "start": { "line": 6, "column": 24 },
                    "end": { "line": 6, "column": null }
                },
                "loc": {
                    "start": { "line": 6, "column": 24 },
                    "end": { "line": 167, "column": null }
                }
            }
        },
        "branchMap": {},
        "s": { "0": 1, "1": 1, "2": 1 },
        "f": { "0": 1 },
        "b": {}
    },
    "C:\\Users\\om3ga13\\Desktop\\RECODED\\Projects\\student-store-team-2\\src\\components\\comment\\Comment.js": {
        "path": "C:\\Users\\om3ga13\\Desktop\\RECODED\\Projects\\student-store-team-2\\src\\components\\comment\\Comment.js",
        "statementMap": {
            "0": {
                "start": { "line": 230, "column": 0 },
                "end": { "line": 230, "column": 15 }
            },
            "1": {
                "start": { "line": 2, "column": 18 },
                "end": { "line": 2, "column": null }
            },
            "2": {
                "start": { "line": 3, "column": 32 },
                "end": { "line": 3, "column": null }
            },
            "3": {
                "start": { "line": 4, "column": 32 },
                "end": { "line": 4, "column": null }
            },
            "4": {
                "start": { "line": 6, "column": 24 },
                "end": { "line": 6, "column": null }
            },
            "5": {
                "start": { "line": 7, "column": 23 },
                "end": { "line": 7, "column": null }
            },
            "6": {
                "start": { "line": 9, "column": 16 },
                "end": { "line": 228, "column": null }
            },
            "7": {
                "start": { "line": 10, "column": 14 },
                "end": { "line": 10, "column": null }
            },
            "8": {
                "start": { "line": 12, "column": 17 },
                "end": { "line": 28, "column": null }
            },
            "9": {
                "start": { "line": 30, "column": 24 },
                "end": { "line": 41, "column": null }
            },
            "10": {
                "start": { "line": 42, "column": 22 },
                "end": { "line": 62, "column": null }
            },
            "11": {
                "start": { "line": 63, "column": 50 },
                "end": { "line": 63, "column": null }
            },
            "12": {
                "start": { "line": 64, "column": 42 },
                "end": { "line": 64, "column": null }
            },
            "13": {
                "start": { "line": 65, "column": 32 },
                "end": { "line": 65, "column": null }
            },
            "14": {
                "start": { "line": 67, "column": 38 },
                "end": { "line": 67, "column": 52 }
            },
            "15": {
                "start": { "line": 68, "column": 30 },
                "end": { "line": 71, "column": null }
            },
            "16": {
                "start": { "line": 69, "column": 26 },
                "end": { "line": 69, "column": 34 }
            },
            "17": {
                "start": { "line": 70, "column": 8 },
                "end": { "line": 70, "column": 60 }
            },
            "18": {
                "start": { "line": 73, "column": 22 },
                "end": { "line": 93, "column": null }
            },
            "19": {
                "start": { "line": 75, "column": 25 },
                "end": { "line": 78, "column": null }
            },
            "20": {
                "start": { "line": 81, "column": 31 },
                "end": { "line": 87, "column": null }
            },
            "21": {
                "start": { "line": 92, "column": 8 },
                "end": { "line": 92, "column": 57 }
            },
            "22": {
                "start": { "line": 95, "column": 26 },
                "end": { "line": 100, "column": null }
            },
            "23": {
                "start": { "line": 96, "column": 8 },
                "end": { "line": 99, "column": null }
            },
            "24": {
                "start": { "line": 96, "column": 34 },
                "end": { "line": 99, "column": null }
            },
            "25": {
                "start": { "line": 102, "column": 26 },
                "end": { "line": 130, "column": null }
            },
            "26": {
                "start": { "line": 103, "column": 8 },
                "end": { "line": 103, "column": null }
            },
            "27": {
                "start": { "line": 103, "column": 49 },
                "end": { "line": 103, "column": null }
            },
            "28": {
                "start": { "line": 105, "column": 8 },
                "end": { "line": 129, "column": null }
            },
            "29": {
                "start": { "line": 106, "column": 26 },
                "end": { "line": 106, "column": 42 }
            },
            "30": {
                "start": { "line": 108, "column": 12 },
                "end": { "line": 109, "column": 35 }
            },
            "31": {
                "start": { "line": 132, "column": 29 },
                "end": { "line": 134, "column": null }
            },
            "32": {
                "start": { "line": 133, "column": 8 },
                "end": { "line": 133, "column": null }
            },
            "33": {
                "start": { "line": 136, "column": 30 },
                "end": { "line": 138, "column": null }
            },
            "34": {
                "start": { "line": 137, "column": 8 },
                "end": { "line": 137, "column": null }
            },
            "35": {
                "start": { "line": 143, "column": 31 },
                "end": { "line": 143, "column": null }
            },
            "36": {
                "start": { "line": 151, "column": 40 },
                "end": { "line": 151, "column": 62 }
            },
            "37": {
                "start": { "line": 152, "column": 40 },
                "end": { "line": 152, "column": 60 }
            },
            "38": {
                "start": { "line": 154, "column": 24 },
                "end": { "line": 156, "column": null }
            },
            "39": {
                "start": { "line": 188, "column": 48 },
                "end": { "line": 188, "column": null }
            },
            "40": {
                "start": { "line": 205, "column": 48 },
                "end": { "line": 205, "column": null }
            },
            "41": {
                "start": { "line": 210, "column": 59 },
                "end": { "line": 210, "column": null }
            },
            "42": {
                "start": { "line": 230, "column": 15 },
                "end": { "line": 230, "column": null }
            }
        },
        "fnMap": {
            "0": {
                "name": "(anonymous_5)",
                "decl": {
                    "start": { "line": 9, "column": 16 },
                    "end": { "line": 9, "column": null }
                },
                "loc": {
                    "start": { "line": 9, "column": 16 },
                    "end": { "line": 228, "column": null }
                }
            },
            "1": {
                "name": "(anonymous_6)",
                "decl": {
                    "start": { "line": 68, "column": 30 },
                    "end": { "line": 68, "column": 31 }
                },
                "loc": {
                    "start": { "line": 68, "column": 34 },
                    "end": { "line": 71, "column": null }
                }
            },
            "2": {
                "name": "(anonymous_7)",
                "decl": {
                    "start": { "line": 73, "column": 22 },
                    "end": { "line": 73, "column": 23 }
                },
                "loc": {
                    "start": { "line": 73, "column": 23 },
                    "end": { "line": 93, "column": null }
                }
            },
            "3": {
                "name": "(anonymous_8)",
                "decl": {
                    "start": { "line": 95, "column": 26 },
                    "end": { "line": 95, "column": 27 }
                },
                "loc": {
                    "start": { "line": 95, "column": 27 },
                    "end": { "line": 100, "column": null }
                }
            },
            "4": {
                "name": "(anonymous_9)",
                "decl": {
                    "start": { "line": 96, "column": 23 },
                    "end": { "line": 96, "column": 24 }
                },
                "loc": {
                    "start": { "line": 96, "column": 34 },
                    "end": { "line": 99, "column": null }
                }
            },
            "5": {
                "name": "(anonymous_10)",
                "decl": {
                    "start": { "line": 102, "column": 26 },
                    "end": { "line": 102, "column": 27 }
                },
                "loc": {
                    "start": { "line": 102, "column": 36 },
                    "end": { "line": 130, "column": null }
                }
            },
            "6": {
                "name": "(anonymous_11)",
                "decl": {
                    "start": { "line": 105, "column": 40 },
                    "end": { "line": 105, "column": 41 }
                },
                "loc": {
                    "start": { "line": 105, "column": 41 },
                    "end": { "line": 129, "column": null }
                }
            },
            "7": {
                "name": "(anonymous_12)",
                "decl": {
                    "start": { "line": 132, "column": 29 },
                    "end": { "line": 132, "column": null }
                },
                "loc": {
                    "start": { "line": 132, "column": 29 },
                    "end": { "line": 134, "column": null }
                }
            },
            "8": {
                "name": "(anonymous_13)",
                "decl": {
                    "start": { "line": 136, "column": 30 },
                    "end": { "line": 136, "column": null }
                },
                "loc": {
                    "start": { "line": 136, "column": 30 },
                    "end": { "line": 138, "column": null }
                }
            },
            "9": {
                "name": "(anonymous_14)",
                "decl": {
                    "start": { "line": 143, "column": 25 },
                    "end": { "line": 143, "column": 31 }
                },
                "loc": {
                    "start": { "line": 143, "column": 31 },
                    "end": { "line": 143, "column": null }
                }
            },
            "10": {
                "name": "(anonymous_15)",
                "decl": {
                    "start": { "line": 150, "column": 49 },
                    "end": { "line": 150, "column": 50 }
                },
                "loc": {
                    "start": { "line": 150, "column": 50 },
                    "end": { "line": 224, "column": null }
                }
            },
            "11": {
                "name": "(anonymous_16)",
                "decl": {
                    "start": { "line": 187, "column": 53 },
                    "end": { "line": 187, "column": null }
                },
                "loc": {
                    "start": { "line": 188, "column": 48 },
                    "end": { "line": 188, "column": null }
                }
            },
            "12": {
                "name": "(anonymous_17)",
                "decl": {
                    "start": { "line": 204, "column": 54 },
                    "end": { "line": 204, "column": 55 }
                },
                "loc": {
                    "start": { "line": 205, "column": 48 },
                    "end": { "line": 205, "column": null }
                }
            },
            "13": {
                "name": "(anonymous_18)",
                "decl": {
                    "start": { "line": 210, "column": 53 },
                    "end": { "line": 210, "column": 59 }
                },
                "loc": {
                    "start": { "line": 210, "column": 59 },
                    "end": { "line": 210, "column": null }
                }
            }
        },
        "branchMap": {
            "0": {
                "loc": {
                    "start": { "line": 76, "column": 18 },
                    "end": { "line": 76, "column": null }
                },
                "type": "binary-expr",
                "locations": [
                    {
                        "start": { "line": 76, "column": 18 },
                        "end": { "line": 76, "column": 38 }
                    },
                    {
                        "start": { "line": 76, "column": 42 },
                        "end": { "line": 76, "column": null }
                    }
                ]
            },
            "1": {
                "loc": {
                    "start": { "line": 84, "column": 20 },
                    "end": { "line": 84, "column": 46 }
                },
                "type": "binary-expr",
                "locations": [
                    {
                        "start": { "line": 84, "column": 20 },
                        "end": { "line": 84, "column": 40 }
                    },
                    {
                        "start": { "line": 84, "column": 44 },
                        "end": { "line": 84, "column": 46 }
                    }
                ]
            },
            "2": {
                "loc": {
                    "start": { "line": 103, "column": 8 },
                    "end": { "line": 103, "column": null }
                },
                "type": "if",
                "locations": [
                    {
                        "start": { "line": 103, "column": 8 },
                        "end": { "line": 103, "column": null }
                    }
                ]
            },
            "3": {
                "loc": {
                    "start": { "line": 103, "column": 12 },
                    "end": { "line": 103, "column": 47 }
                },
                "type": "binary-expr",
                "locations": [
                    {
                        "start": { "line": 103, "column": 12 },
                        "end": { "line": 103, "column": 24 }
                    },
                    {
                        "start": { "line": 103, "column": 24 },
                        "end": { "line": 103, "column": 47 }
                    }
                ]
            },
            "4": {
                "loc": {
                    "start": { "line": 149, "column": 17 },
                    "end": { "line": 224, "column": null }
                },
                "type": "binary-expr",
                "locations": [
                    {
                        "start": { "line": 149, "column": 17 },
                        "end": { "line": 149, "column": null }
                    },
                    {
                        "start": { "line": 150, "column": 20 },
                        "end": { "line": 224, "column": null }
                    }
                ]
            },
            "5": {
                "loc": {
                    "start": { "line": 192, "column": 45 },
                    "end": { "line": 194, "column": null }
                },
                "type": "cond-expr",
                "locations": [
                    {
                        "start": { "line": 193, "column": 50 },
                        "end": { "line": 193, "column": null }
                    },
                    {
                        "start": { "line": 194, "column": 50 },
                        "end": { "line": 194, "column": null }
                    }
                ]
            },
            "6": {
                "loc": {
                    "start": { "line": 203, "column": 51 },
                    "end": { "line": 203, "column": null }
                },
                "type": "binary-expr",
                "locations": [
                    {
                        "start": { "line": 203, "column": 51 },
                        "end": { "line": 203, "column": 71 }
                    },
                    {
                        "start": { "line": 203, "column": 75 },
                        "end": { "line": 203, "column": null }
                    }
                ]
            }
        },
        "s": {
            "0": 1,
            "1": 1,
            "2": 1,
            "3": 1,
            "4": 1,
            "5": 1,
            "6": 1,
            "7": 1,
            "8": 1,
            "9": 1,
            "10": 1,
            "11": 1,
            "12": 1,
            "13": 1,
            "14": 1,
            "15": 1,
            "16": 0,
            "17": 0,
            "18": 1,
            "19": 0,
            "20": 0,
            "21": 0,
            "22": 1,
            "23": 0,
            "24": 0,
            "25": 1,
            "26": 2,
            "27": 2,
            "28": 0,
            "29": 0,
            "30": 0,
            "31": 1,
            "32": 0,
            "33": 1,
            "34": 0,
            "35": 0,
            "36": 2,
            "37": 2,
            "38": 2,
            "39": 0,
            "40": 0,
            "41": 0,
            "42": 1
        },
        "f": {
            "0": 1,
            "1": 0,
            "2": 0,
            "3": 0,
            "4": 0,
            "5": 2,
            "6": 0,
            "7": 0,
            "8": 0,
            "9": 0,
            "10": 2,
            "11": 0,
            "12": 0,
            "13": 0
        },
        "b": {
            "0": [0, 0],
            "1": [0, 0],
            "2": [2],
            "3": [2, 2],
            "4": [1, 1],
            "5": [0, 2],
            "6": [2, 2]
        }
    },
    "C:\\Users\\om3ga13\\Desktop\\RECODED\\Projects\\student-store-team-2\\src\\components\\comment\\inputReview.js": {
        "path": "C:\\Users\\om3ga13\\Desktop\\RECODED\\Projects\\student-store-team-2\\src\\components\\comment\\inputReview.js",
        "statementMap": {
            "0": {
                "start": { "line": 92, "column": 0 },
                "end": { "line": 92, "column": 15 }
            },
            "1": {
                "start": { "line": 1, "column": 32 },
                "end": { "line": 1, "column": null }
            },
            "2": {
                "start": { "line": 3, "column": 23 },
                "end": { "line": 3, "column": null }
            },
            "3": {
                "start": { "line": 5, "column": 20 },
                "end": { "line": 90, "column": null }
            },
            "4": {
                "start": { "line": 6, "column": 40 },
                "end": { "line": 6, "column": null }
            },
            "5": {
                "start": { "line": 7, "column": 32 },
                "end": { "line": 7, "column": 45 }
            },
            "6": {
                "start": { "line": 9, "column": 30 },
                "end": { "line": 11, "column": null }
            },
            "7": {
                "start": { "line": 10, "column": 8 },
                "end": { "line": 10, "column": null }
            },
            "8": {
                "start": { "line": 13, "column": 35 },
                "end": { "line": 15, "column": null }
            },
            "9": {
                "start": { "line": 14, "column": 8 },
                "end": { "line": 14, "column": null }
            },
            "10": {
                "start": { "line": 17, "column": 25 },
                "end": { "line": 26, "column": null }
            },
            "11": {
                "start": { "line": 18, "column": 8 },
                "end": { "line": 18, "column": null }
            },
            "12": {
                "start": { "line": 23, "column": 8 },
                "end": { "line": 23, "column": null }
            },
            "13": {
                "start": { "line": 24, "column": 8 },
                "end": { "line": 24, "column": null }
            },
            "14": {
                "start": { "line": 25, "column": 8 },
                "end": { "line": 25, "column": null }
            },
            "15": {
                "start": { "line": 92, "column": 15 },
                "end": { "line": 92, "column": null }
            }
        },
        "fnMap": {
            "0": {
                "name": "(anonymous_5)",
                "decl": {
                    "start": { "line": 5, "column": 20 },
                    "end": { "line": 5, "column": 21 }
                },
                "loc": {
                    "start": { "line": 5, "column": 49 },
                    "end": { "line": 90, "column": null }
                }
            },
            "1": {
                "name": "(anonymous_6)",
                "decl": {
                    "start": { "line": 9, "column": 30 },
                    "end": { "line": 9, "column": 31 }
                },
                "loc": {
                    "start": { "line": 9, "column": 31 },
                    "end": { "line": 11, "column": null }
                }
            },
            "2": {
                "name": "(anonymous_7)",
                "decl": {
                    "start": { "line": 13, "column": 35 },
                    "end": { "line": 13, "column": 36 }
                },
                "loc": {
                    "start": { "line": 13, "column": 36 },
                    "end": { "line": 15, "column": null }
                }
            },
            "3": {
                "name": "(anonymous_8)",
                "decl": {
                    "start": { "line": 17, "column": 25 },
                    "end": { "line": 17, "column": 32 }
                },
                "loc": {
                    "start": { "line": 17, "column": 32 },
                    "end": { "line": 26, "column": null }
                }
            }
        },
        "branchMap": {
            "0": {
                "loc": {
                    "start": { "line": 29, "column": 8 },
                    "end": { "line": 29, "column": null }
                },
                "type": "binary-expr",
                "locations": [
                    {
                        "start": { "line": 29, "column": 8 },
                        "end": { "line": 29, "column": null }
                    }
                ]
            }
        },
        "s": {
            "0": 2,
            "1": 1,
            "2": 1,
            "3": 1,
            "4": 2,
            "5": 2,
            "6": 2,
            "7": 0,
            "8": 2,
            "9": 0,
            "10": 2,
            "11": 0,
            "12": 0,
            "13": 0,
            "14": 0,
            "15": 1
        },
        "f": { "0": 2, "1": 0, "2": 0, "3": 0 },
        "b": { "0": [2] }
    },
    "C:\\Users\\om3ga13\\Desktop\\RECODED\\Projects\\student-store-team-2\\src\\components\\contactDetails\\ContactDetails\\ContactDetails.jsx": {
        "path": "C:\\Users\\om3ga13\\Desktop\\RECODED\\Projects\\student-store-team-2\\src\\components\\contactDetails\\ContactDetails\\ContactDetails.jsx",
        "statementMap": {
            "0": {
                "start": { "line": 37, "column": 0 },
                "end": { "line": 37, "column": 15 }
            },
            "1": {
                "start": { "line": 1, "column": 32 },
                "end": { "line": 1, "column": null }
            },
            "2": {
                "start": { "line": 2, "column": 18 },
                "end": { "line": 2, "column": null }
            },
            "3": {
                "start": { "line": 3, "column": 30 },
                "end": { "line": 3, "column": null }
            },
            "4": {
                "start": { "line": 4, "column": 24 },
                "end": { "line": 4, "column": null }
            },
            "5": {
                "start": { "line": 7, "column": 14 },
                "end": { "line": 7, "column": null }
            },
            "6": {
                "start": { "line": 9, "column": 8 },
                "end": { "line": 11, "column": null }
            },
            "7": {
                "start": { "line": 10, "column": 12 },
                "end": { "line": 10, "column": 50 }
            },
            "8": {
                "start": { "line": 12, "column": 8 },
                "end": { "line": 12, "column": 28 }
            },
            "9": {
                "start": { "line": 37, "column": 15 },
                "end": { "line": 37, "column": null }
            }
        },
        "fnMap": {
            "0": {
                "name": "ContactDetails",
                "decl": {
                    "start": { "line": 6, "column": 9 },
                    "end": { "line": 6, "column": 24 }
                },
                "loc": {
                    "start": { "line": 6, "column": 32 },
                    "end": { "line": 36, "column": null }
                }
            },
            "1": {
                "name": "formatPhoneNumber",
                "decl": {
                    "start": { "line": 8, "column": 13 },
                    "end": { "line": 8, "column": 31 }
                },
                "loc": {
                    "start": { "line": 8, "column": 42 },
                    "end": { "line": 13, "column": null }
                }
            }
        },
        "branchMap": {
            "0": {
                "loc": {
                    "start": { "line": 9, "column": 8 },
                    "end": { "line": 11, "column": null }
                },
                "type": "if",
                "locations": [
                    {
                        "start": { "line": 9, "column": 8 },
                        "end": { "line": 11, "column": null }
                    }
                ]
            },
            "1": {
                "loc": {
                    "start": { "line": 22, "column": 21 },
                    "end": { "line": 24, "column": null }
                },
                "type": "cond-expr",
                "locations": [
                    {
                        "start": { "line": 23, "column": 26 },
                        "end": { "line": 23, "column": null }
                    },
                    {
                        "start": { "line": 24, "column": 26 },
                        "end": { "line": 24, "column": null }
                    }
                ]
            },
            "2": {
                "loc": {
                    "start": { "line": 31, "column": 21 },
                    "end": { "line": 31, "column": null }
                },
                "type": "cond-expr",
                "locations": [
                    {
                        "start": { "line": 31, "column": 28 },
                        "end": { "line": 31, "column": 38 }
                    },
                    {
                        "start": { "line": 31, "column": 41 },
                        "end": { "line": 31, "column": null }
                    }
                ]
            }
        },
        "s": {
            "0": 2,
            "1": 2,
            "2": 2,
            "3": 2,
            "4": 2,
            "5": 2,
            "6": 1,
            "7": 1,
            "8": 0,
            "9": 2
        },
        "f": { "0": 2, "1": 1 },
        "b": { "0": [1], "1": [1, 1], "2": [1, 1] }
    },
    "C:\\Users\\om3ga13\\Desktop\\RECODED\\Projects\\student-store-team-2\\src\\components\\dashboardDisplay\\DashboardDisplay.jsx": {
        "path": "C:\\Users\\om3ga13\\Desktop\\RECODED\\Projects\\student-store-team-2\\src\\components\\dashboardDisplay\\DashboardDisplay.jsx",
        "statementMap": {
            "0": {
                "start": { "line": 108, "column": 0 },
[...]
                "decl": {
                    "start": { "line": 288, "column": 30 },
                    "end": { "line": 288, "column": 37 }
                },
                "loc": {
                    "start": { "line": 288, "column": 37 },
                    "end": { "line": 306, "column": null }
                }
            },
            "17": {
                "name": "(anonymous_42)",
                "decl": {
                    "start": { "line": 308, "column": 26 },
                    "end": { "line": 308, "column": 33 }
                },
                "loc": {
                    "start": { "line": 308, "column": 33 },
                    "end": { "line": 325, "column": null }
                }
            },
            "18": {
                "name": "(anonymous_43)",
                "decl": {
                    "start": { "line": 327, "column": 26 },
                    "end": { "line": 327, "column": 33 }
                },
                "loc": {
                    "start": { "line": 327, "column": 33 },
                    "end": { "line": 374, "column": null }
                }
            },
            "19": {
                "name": "(anonymous_44)",
                "decl": {
                    "start": { "line": 376, "column": 35 },
                    "end": { "line": 376, "column": 42 }
                },
                "loc": {
                    "start": { "line": 376, "column": 42 },
                    "end": { "line": 390, "column": null }
                }
            },
            "20": {
                "name": "(anonymous_45)",
                "decl": {
                    "start": { "line": 392, "column": 31 },
                    "end": { "line": 392, "column": null }
                },
                "loc": {
                    "start": { "line": 392, "column": 31 },
                    "end": { "line": 404, "column": null }
                }
            },
            "21": {
                "name": "(anonymous_46)",
                "decl": {
                    "start": { "line": 406, "column": 29 },
                    "end": { "line": 406, "column": null }
                },
                "loc": {
                    "start": { "line": 406, "column": 29 },
                    "end": { "line": 415, "column": null }
                }
            },
            "22": {
                "name": "(anonymous_47)",
                "decl": {
                    "start": { "line": 417, "column": 29 },
                    "end": { "line": 417, "column": 36 }
                },
                "loc": {
                    "start": { "line": 417, "column": 36 },
                    "end": { "line": 430, "column": null }
                }
            },
            "23": {
                "name": "getLatestProducts",
                "decl": {
                    "start": { "line": 432, "column": 22 },
                    "end": { "line": 432, "column": 39 }
                },
                "loc": {
                    "start": { "line": 432, "column": 22 },
                    "end": { "line": 446, "column": null }
                }
            },
            "24": {
                "name": "(anonymous_49)",
                "decl": {
                    "start": { "line": 448, "column": 30 },
                    "end": { "line": 448, "column": 37 }
                },
                "loc": {
                    "start": { "line": 448, "column": 37 },
                    "end": { "line": 461, "column": null }
                }
            },
            "25": {
                "name": "(anonymous_50)",
                "decl": {
                    "start": { "line": 463, "column": 28 },
                    "end": { "line": 463, "column": 35 }
                },
                "loc": {
                    "start": { "line": 463, "column": 46 },
                    "end": { "line": 479, "column": null }
                }
            },
            "26": {
                "name": "(anonymous_51)",
                "decl": {
                    "start": { "line": 481, "column": 27 },
                    "end": { "line": 481, "column": 34 }
                },
                "loc": {
                    "start": { "line": 481, "column": 45 },
                    "end": { "line": 496, "column": null }
                }
            }
        },
        "branchMap": {
            "0": {
                "loc": {
                    "start": { "line": 53, "column": 12 },
                    "end": { "line": 111, "column": null }
                },
                "type": "switch",
                "locations": [
                    {
                        "start": { "line": 54, "column": 16 },
                        "end": { "line": 64, "column": null }
                    },
                    {
                        "start": { "line": 65, "column": 16 },
                        "end": { "line": 75, "column": null }
                    },
                    {
                        "start": { "line": 76, "column": 16 },
                        "end": { "line": 86, "column": null }
                    },
                    {
                        "start": { "line": 87, "column": 16 },
                        "end": { "line": 92, "column": null }
                    },
                    {
                        "start": { "line": 93, "column": 16 },
                        "end": { "line": 95, "column": null }
                    },
                    {
                        "start": { "line": 97, "column": 16 },
                        "end": { "line": 107, "column": null }
                    },
                    {
                        "start": { "line": 109, "column": 16 },
                        "end": { "line": 110, "column": null }
                    }
                ]
            },
            "1": {
                "loc": {
                    "start": { "line": 77, "column": 20 },
                    "end": { "line": 85, "column": null }
                },
                "type": "switch",
                "locations": [
                    {
                        "start": { "line": 78, "column": 24 },
                        "end": { "line": 80, "column": null }
                    },
                    {
                        "start": { "line": 82, "column": 24 },
                        "end": { "line": 84, "column": null }
                    }
                ]
            },
            "2": {
                "loc": {
                    "start": { "line": 171, "column": 28 },
                    "end": { "line": 171, "column": null }
                },
                "type": "cond-expr",
                "locations": [
                    {
                        "start": { "line": 171, "column": 53 },
                        "end": { "line": 171, "column": 68 }
                    },
                    {
                        "start": { "line": 171, "column": 68 },
                        "end": { "line": 171, "column": null }
                    }
                ]
            },
            "3": {
                "loc": {
                    "start": { "line": 186, "column": 28 },
                    "end": { "line": 186, "column": null }
                },
                "type": "cond-expr",
                "locations": [
                    {
                        "start": { "line": 186, "column": 53 },
                        "end": { "line": 186, "column": 68 }
                    },
                    {
                        "start": { "line": 186, "column": 68 },
                        "end": { "line": 186, "column": null }
                    }
                ]
            },
            "4": {
                "loc": {
                    "start": { "line": 205, "column": 4 },
                    "end": { "line": 207, "column": null }
                },
                "type": "if",
                "locations": [
                    {
                        "start": { "line": 205, "column": 4 },
                        "end": { "line": 207, "column": null }
                    }
                ]
            },
            "5": {
                "loc": {
                    "start": { "line": 240, "column": 8 },
                    "end": { "line": 242, "column": null }
                },
                "type": "if",
                "locations": [
                    {
                        "start": { "line": 240, "column": 8 },
                        "end": { "line": 242, "column": null }
                    }
                ]
            },
            "6": {
                "loc": {
                    "start": { "line": 281, "column": 4 },
                    "end": { "line": 283, "column": null }
                },
                "type": "if",
                "locations": [
                    {
                        "start": { "line": 281, "column": 4 },
                        "end": { "line": 283, "column": null }
                    }
                ]
            },
            "7": {
                "loc": {
                    "start": { "line": 298, "column": 8 },
                    "end": { "line": 300, "column": null }
                },
                "type": "if",
                "locations": [
                    {
                        "start": { "line": 298, "column": 8 },
                        "end": { "line": 300, "column": null }
                    }
                ]
            },
            "8": {
                "loc": {
                    "start": { "line": 317, "column": 8 },
                    "end": { "line": 319, "column": null }
                },
                "type": "if",
                "locations": [
                    {
                        "start": { "line": 317, "column": 8 },
                        "end": { "line": 319, "column": null }
                    }
                ]
            },
            "9": {
                "loc": {
                    "start": { "line": 339, "column": 8 },
                    "end": { "line": 345, "column": null }
                },
                "type": "if",
                "locations": [
                    {
                        "start": { "line": 339, "column": 8 },
                        "end": { "line": 345, "column": null }
                    }
                ]
            },
            "10": {
                "loc": {
                    "start": { "line": 355, "column": 12 },
                    "end": { "line": 355, "column": null }
                },
                "type": "cond-expr",
                "locations": [
                    {
                        "start": { "line": 355, "column": 40 },
                        "end": { "line": 355, "column": 55 }
                    },
                    {
                        "start": { "line": 355, "column": 55 },
                        "end": { "line": 355, "column": null }
                    }
                ]
            },
            "11": {
                "loc": {
                    "start": { "line": 359, "column": 8 },
                    "end": { "line": 367, "column": null }
                },
                "type": "if",
                "locations": [
                    {
                        "start": { "line": 359, "column": 8 },
                        "end": { "line": 367, "column": null }
                    }
                ]
            },
            "12": {
                "loc": {
                    "start": { "line": 386, "column": 4 },
                    "end": { "line": 388, "column": null }
                },
                "type": "if",
                "locations": [
                    {
                        "start": { "line": 386, "column": 4 },
                        "end": { "line": 388, "column": null }
                    }
                ]
            },
            "13": {
                "loc": {
                    "start": { "line": 411, "column": 4 },
                    "end": { "line": 413, "column": null }
                },
                "type": "if",
                "locations": [
                    {
                        "start": { "line": 411, "column": 4 },
                        "end": { "line": 413, "column": null }
                    }
                ]
            },
            "14": {
                "loc": {
                    "start": { "line": 425, "column": 4 },
                    "end": { "line": 427, "column": null }
                },
                "type": "if",
                "locations": [
                    {
                        "start": { "line": 425, "column": 4 },
                        "end": { "line": 427, "column": null }
                    }
                ]
            },
            "15": {
                "loc": {
                    "start": { "line": 441, "column": 4 },
                    "end": { "line": 443, "column": null }
                },
                "type": "if",
                "locations": [
                    {
                        "start": { "line": 441, "column": 4 },
                        "end": { "line": 443, "column": null }
                    }
                ]
            },
            "16": {
                "loc": {
                    "start": { "line": 472, "column": 4 },
                    "end": { "line": 476, "column": null }
                },
                "type": "if",
                "locations": [
                    {
                        "start": { "line": 472, "column": 4 },
                        "end": { "line": 476, "column": null }
                    }
                ]
            },
            "17": {
                "loc": {
                    "start": { "line": 489, "column": 4 },
                    "end": { "line": 493, "column": null }
                },
                "type": "if",
                "locations": [
                    {
                        "start": { "line": 489, "column": 4 },
                        "end": { "line": 493, "column": null }
                    }
                ]
            }
        },
        "s": {
            "0": 0,
            "1": 0,
            "2": 0,
            "3": 0,
            "4": 0,
            "5": 0,
            "6": 0,
            "7": 0,
            "8": 0,
            "9": 0,
            "10": 0,
            "11": 0,
            "12": 1,
            "13": 0,
            "14": 0,
            "15": 0,
            "16": 1,
            "17": 0,
            "18": 0,
            "19": 0,
            "20": 0,
            "21": 0,
            "22": 0,
            "23": 0,
            "24": 5,
            "25": 5,
            "26": 5,
            "27": 5,
            "28": 0,
            "29": 0,
            "30": 0,
            "31": 0,
            "32": 0,
            "33": 5,
            "34": 0,
            "35": 0,
            "36": 0,
            "37": 0,
            "38": 0,
            "39": 0,
            "40": 0,
            "41": 0,
            "42": 0,
            "43": 0,
            "44": 0,
            "45": 0,
            "46": 0,
            "47": 0,
            "48": 0,
            "49": 0,
            "50": 0,
            "51": 0,
            "52": 0,
            "53": 0,
            "54": 0,
            "55": 0,
            "56": 0,
            "57": 0,
            "58": 0,
            "59": 0,
            "60": 0,
            "61": 0,
            "62": 0,
            "63": 0,
            "64": 0,
            "65": 0,
            "66": 0,
            "67": 5,
            "68": 0,
            "69": 0,
            "70": 0,
            "71": 0,
            "72": 0,
            "73": 0,
            "74": 5,
            "75": 0,
            "76": 0,
            "77": 0,
            "78": 0,
            "79": 0,
            "80": 0,
            "81": 0,
            "82": 0,
            "83": 5,
            "84": 0,
            "85": 0,
            "86": 0,
            "87": 0,
            "88": 0,
            "89": 0,
            "90": 0,
            "91": 5,
            "92": 0,
            "93": 0,
            "94": 0,
            "95": 0,
            "96": 0,
            "97": 5,
            "98": 0,
            "99": 0,
            "100": 0,
            "101": 0,
            "102": 0,
            "103": 5,
            "104": 0,
            "105": 0,
            "106": 0,
            "107": 5,
            "108": 0,
            "109": 0,
            "110": 5,
            "111": 0,
            "112": 0,
            "113": 0,
            "114": 0,
            "115": 0,
            "116": 0,
            "117": 0,
            "118": 0,
            "119": 5,
            "120": 0,
            "121": 0,
            "122": 5,
            "123": 0,
            "124": 0,
            "125": 5,
            "126": 0,
            "127": 0,
            "128": 0,
            "129": 0,
            "130": 0,
            "131": 5,
            "132": 0,
            "133": 0,
            "134": 0,
            "135": 0,
            "136": 0,
            "137": 0,
            "138": 0,
            "139": 0,
            "140": 5,
            "141": 0,
            "142": 0,
            "143": 0,
            "144": 0,
            "145": 0,
            "146": 0,
            "147": 0,
            "148": 0,
            "149": 5,
            "150": 0,
            "151": 0,
            "152": 0,
            "153": 0,
            "154": 0,
            "155": 0,
            "156": 0,
            "157": 0,
            "158": 0,
            "159": 0,
            "160": 0,
            "161": 0,
            "162": 0,
            "163": 0,
            "164": 0,
            "165": 0,
            "166": 0,
            "167": 0,
            "168": 0,
            "169": 0,
            "170": 5,
            "171": 0,
            "172": 0,
            "173": 0,
            "174": 0,
            "175": 0,
            "176": 5,
            "177": 0,
            "178": 0,
            "179": 0,
            "180": 0,
            "181": 0,
            "182": 0,
            "183": 5,
            "184": 0,
            "185": 0,
            "186": 0,
            "187": 0,
            "188": 0,
            "189": 5,
            "190": 0,
            "191": 0,
            "192": 0,
            "193": 0,
            "194": 0,
            "195": 0,
            "196": 0,
            "197": 0,
            "198": 0,
            "199": 0,
            "200": 5,
            "201": 0,
            "202": 0,
            "203": 0,
            "204": 0,
            "205": 0,
            "206": 0,
            "207": 5,
            "208": 0,
            "209": 0,
            "210": 0,
            "211": 0,
            "212": 0,
            "213": 0,
            "214": 5,
            "215": 0,
            "216": 0,
            "217": 0,
            "218": 0,
            "219": 0,
            "220": 0
        },
        "f": {
            "0": 0,
            "1": 0,
            "2": 0,
            "3": 0,
            "4": 0,
            "5": 0,
            "6": 0,
            "7": 0,
            "8": 0,
            "9": 0,
            "10": 0,
            "11": 0,
            "12": 0,
            "13": 0,
            "14": 0,
            "15": 0,
            "16": 0,
            "17": 0,
            "18": 0,
            "19": 0,
            "20": 0,
            "21": 0,
            "22": 0,
            "23": 0,
            "24": 0,
            "25": 0,
            "26": 0
        },
        "b": {
            "0": [0, 0, 0, 0, 0, 0, 0],
            "1": [0, 0],
            "2": [0, 0],
            "3": [0, 0],
            "4": [0],
            "5": [0],
            "6": [0],
            "7": [0],
            "8": [0],
            "9": [0],
            "10": [0, 0],
            "11": [0],
            "12": [0],
            "13": [0],
            "14": [0],
            "15": [0],
            "16": [0],
            "17": [0]
        }
    }
}
