TN:
SF:src\components\addProduct\AddProductForm.jsx
FN:15,(anonymous_2)
FN:26,(anonymous_3)
FN:28,(anonymous_4)
FN:30,(anonymous_5)
FN:37,(anonymous_6)
FN:39,(anonymous_7)
FN:51,(anonymous_8)
FN:53,(anonymous_9)
FN:53,(anonymous_10)
FN:56,(anonymous_11)
FN:64,(anonymous_12)
FN:74,(anonymous_13)
FN:83,(anonymous_14)
FN:95,action
FN:114,(anonymous_16)
FN:130,(anonymous_17)
FN:172,(anonymous_19)
FN:178,(anonymous_20)
FN:186,(anonymous_21)
FN:196,(anonymous_22)
FN:237,(anonymous_23)
FN:261,(anonymous_24)
FN:268,(anonymous_25)
FN:273,(anonymous_26)
FN:284,(anonymous_27)
FN:293,(anonymous_28)
FN:301,(anonymous_29)
FN:315,(anonymous_30)
FN:319,(anonymous_31)
FN:352,(anonymous_32)
FNF:30
FNH:4
FNDA:1,(anonymous_2)
FNDA:0,(anonymous_3)
FNDA:0,(anonymous_4)
FNDA:0,(anonymous_5)
FNDA:0,(anonymous_6)
FNDA:0,(anonymous_7)
FNDA:0,(anonymous_8)
FNDA:0,(anonymous_9)
FNDA:0,(anonymous_10)
FNDA:0,(anonymous_11)
FNDA:0,(anonymous_12)
FNDA:0,(anonymous_13)
FNDA:0,(anonymous_14)
FNDA:0,action
FNDA:0,(anonymous_16)
FNDA:0,(anonymous_17)
FNDA:0,(anonymous_19)
FNDA:1,(anonymous_20)
FNDA:0,(anonymous_21)
FNDA:0,(anonymous_22)
FNDA:0,(anonymous_23)
FNDA:0,(anonymous_24)
FNDA:0,(anonymous_25)
FNDA:1,(anonymous_26)
FNDA:0,(anonymous_27)
FNDA:0,(anonymous_28)
FNDA:0,(anonymous_29)
FNDA:0,(anonymous_30)
FNDA:11,(anonymous_31)
FNDA:0,(anonymous_32)
DA:3,1
DA:4,1
DA:5,1
DA:6,1
DA:7,1
DA:8,1
DA:10,1
DA:11,1
DA:13,1
DA:15,1
DA:16,1
DA:17,1
DA:18,1
DA:19,1
DA:20,1
DA:21,1
DA:22,1
DA:23,1
DA:24,1
DA:25,1
DA:26,1
DA:27,0
DA:28,0
DA:31,0
DA:37,1
DA:38,0
DA:39,0
DA:40,0
DA:43,1
DA:44,1
DA:51,1
DA:53,0
DA:56,1
DA:57,0
DA:58,0
DA:60,0
DA:64,1
DA:65,0
DA:66,0
DA:67,0
DA:68,0
DA:69,0
DA:71,0
DA:72,0
DA:75,0
DA:83,1
DA:84,0
DA:86,0
DA:87,0
DA:88,0
DA:90,0
DA:92,0
DA:96,0
DA:97,0
DA:98,0
DA:99,0
DA:100,0
DA:101,0
DA:105,0
DA:106,0
DA:107,0
DA:108,0
DA:110,0
DA:111,0
DA:114,0
DA:116,0
DA:121,0
DA:128,0
DA:130,0
DA:132,0
DA:133,0
DA:134,0
DA:135,0
DA:136,0
DA:137,0
DA:149,0
DA:151,0
DA:152,0
DA:153,0
DA:154,0
DA:155,0
DA:156,0
DA:157,0
DA:172,0
DA:178,1
DA:179,1
DA:186,0
DA:189,0
DA:196,0
DA:238,0
DA:261,0
DA:268,0
DA:274,1
DA:284,0
DA:293,0
DA:301,0
DA:315,0
DA:320,11
DA:353,0
DA:367,1
LF:100
LH:33
BRDA:27,0,0,0
BRDA:57,1,0,0
BRDA:57,1,1,0
BRDA:67,2,0,0
BRDA:71,3,0,0
BRDA:179,4,0,1
BRDA:179,4,1,0
BRDA:189,5,0,0
BRDA:207,6,0,0
BRDA:213,7,0,1
BRDA:217,8,0,1
BRDA:217,8,1,0
BRDA:234,9,0,1
BRDA:241,10,0,0
BRDA:241,10,1,0
BRDA:241,11,0,0
BRDA:241,11,1,0
BRF:17
BRH:4
end_of_record
TN:
SF:src\components\addedGrid\AddedGrid.jsx
FN:6,AddedGrid
FN:15,(anonymous_3)
FNF:2
FNH:1
FNDA:1,AddedGrid
FNDA:0,(anonymous_3)
DA:2,1
DA:4,1
DA:6,1
DA:7,1
DA:16,0
LF:5
LH:4
BRDA:14,0,0,1
BRDA:14,0,1,0
BRF:2
BRH:1
end_of_record
TN:
SF:src\components\authPage\authFooter\AuthFooter.js
FN:5,(anonymous_2)
FNF:1
FNH:1
FNDA:1,(anonymous_2)
DA:2,1
DA:3,1
DA:5,1
DA:6,1
DA:7,1
DA:8,1
DA:9,1
DA:30,1
LF:8
LH:8
BRDA:7,0,0,0
BRDA:7,0,1,1
BRDA:8,1,0,0
BRDA:8,1,1,1
BRDA:9,2,0,0
BRDA:9,2,1,1
BRF:6
BRH:3
end_of_record
TN:
SF:src\components\authPage\authHeader\AuthHeader.js
FN:6,(anonymous_2)
FNF:1
FNH:1
FNDA:1,(anonymous_2)
DA:2,1
DA:3,1
DA:4,1
DA:6,1
DA:7,1
DA:37,1
LF:6
LH:6
BRF:0
BRH:0
end_of_record
TN:
SF:src\components\buyborrow-btn\BuyBorrowBtn.jsx
FN:4,BuyBorrowBtn
FNF:1
FNH:1
FNDA:2,BuyBorrowBtn
DA:1,2
DA:2,2
DA:5,2
DA:8,2
DA:10,2
DA:11,2
DA:13,2
DA:36,2
LF:8
LH:8
BRDA:11,0,0,0
BRDA:11,0,1,2
BRDA:13,1,0,0
BRDA:13,1,1,2
BRDA:19,2,0,1
BRDA:19,2,1,1
BRDA:19,3,0,2
BRDA:19,3,1,2
BRDA:26,4,0,1
BRF:9
BRH:7
end_of_record
TN:
SF:src\components\checkoutForm\CheckoutForm.jsx
FN:6,CheckoutForm
FNF:1
FNH:1
FNDA:1,CheckoutForm
DA:3,1
DA:4,1
DA:6,1
LF:3
LH:3
BRF:0
BRH:0
end_of_record
TN:
SF:src\components\comment\Comment.js
FN:9,(anonymous_5)
FN:68,(anonymous_6)
FN:73,(anonymous_7)
FN:95,(anonymous_8)
FN:96,(anonymous_9)
FN:102,(anonymous_10)
FN:105,(anonymous_11)
FN:132,(anonymous_12)
FN:136,(anonymous_13)
FN:143,(anonymous_14)
FN:150,(anonymous_15)
FN:187,(anonymous_16)
FN:204,(anonymous_17)
FN:210,(anonymous_18)
FNF:14
FNH:3
FNDA:1,(anonymous_5)
FNDA:0,(anonymous_6)
FNDA:0,(anonymous_7)
FNDA:0,(anonymous_8)
FNDA:0,(anonymous_9)
FNDA:2,(anonymous_10)
FNDA:0,(anonymous_11)
FNDA:0,(anonymous_12)
FNDA:0,(anonymous_13)
FNDA:0,(anonymous_14)
FNDA:2,(anonymous_15)
FNDA:0,(anonymous_16)
FNDA:0,(anonymous_17)
FNDA:0,(anonymous_18)
DA:2,1
DA:3,1
DA:4,1
DA:6,1
DA:7,1
DA:9,1
DA:10,1
DA:12,1
DA:30,1
DA:42,1
DA:63,1
DA:64,1
DA:65,1
DA:67,1
DA:68,1
DA:69,0
DA:70,0
DA:73,1
DA:75,0
DA:81,0
DA:92,0
DA:95,1
DA:96,0
DA:102,1
DA:103,2
DA:105,0
DA:106,0
DA:108,0
DA:132,1
DA:133,0
DA:136,1
DA:137,0
DA:143,0
DA:151,2
DA:152,2
DA:154,2
DA:188,0
DA:205,0
DA:210,0
DA:230,1
LF:40
LH:25
BRDA:76,0,0,0
BRDA:76,0,1,0
BRDA:84,1,0,0
BRDA:84,1,1,0
BRDA:103,2,0,2
BRDA:103,3,0,2
BRDA:103,3,1,2
BRDA:149,4,0,1
BRDA:149,4,1,1
BRDA:192,5,0,0
BRDA:192,5,1,2
BRDA:203,6,0,2
BRDA:203,6,1,2
BRF:13
BRH:8
end_of_record
TN:
SF:src\components\comment\inputReview.js
FN:5,(anonymous_5)
FN:9,(anonymous_6)
FN:13,(anonymous_7)
FN:17,(anonymous_8)
FNF:4
FNH:1
FNDA:2,(anonymous_5)
FNDA:0,(anonymous_6)
FNDA:0,(anonymous_7)
FNDA:0,(anonymous_8)
DA:1,1
DA:3,1
DA:5,1
DA:6,2
DA:7,2
DA:9,2
DA:10,0
DA:13,2
DA:14,0
DA:17,2
DA:18,0
DA:23,0
DA:24,0
DA:25,0
DA:92,2
LF:15
LH:9
BRDA:29,0,0,2
BRF:1
BRH:1
end_of_record
TN:
SF:src\components\contactDetails\ContactDetails\ContactDetails.jsx
FN:6,ContactDetails
FN:8,formatPhoneNumber
FNF:2
FNH:2
FNDA:2,ContactDetails
FNDA:1,formatPhoneNumber
DA:1,2
DA:2,2
DA:3,2
DA:4,2
DA:7,2
DA:9,1
DA:10,1
DA:12,0
DA:37,2
LF:9
LH:8
BRDA:9,0,0,1
BRDA:22,1,0,1
BRDA:22,1,1,1
BRDA:31,2,0,1
BRDA:31,2,1,1
BRF:5
BRH:5
end_of_record
TN:
SF:src\components\dashboardDisplay\DashboardDisplay.jsx
FN:11,(anonymous_2)
FN:15,(anonymous_3)
FN:17,(anonymous_4)
FN:18,(anonymous_5)
FN:35,(anonymous_6)
FN:40,(anonymous_7)
FN:47,(anonymous_8)
FNF:7
FNH:1
FNDA:1,(anonymous_2)
FNDA:0,(anonymous_3)
FNDA:0,(anonymous_4)
FNDA:0,(anonymous_5)
FNDA:0,(anonymous_6)
FNDA:0,(anonymous_7)
FNDA:0,(anonymous_8)
DA:3,1
DA:4,1
DA:5,1
DA:6,1
DA:8,1
DA:9,1
DA:11,1
DA:12,1
DA:13,1
DA:15,1
DA:17,1
DA:18,0
DA:19,0
DA:21,0
DA:32,0
DA:35,1
DA:36,0
DA:37,0
DA:39,0
DA:40,0
DA:43,0
DA:47,1
DA:48,0
DA:108,1
LF:24
LH:14
BRDA:19,0,0,0
BRDA:19,0,1,0
BRDA:22,1,0,0
BRDA:22,1,1,0
BRDA:22,1,2,0
BRDA:37,2,0,0
BRDA:37,2,1,0
BRDA:54,3,0,1
BRDA:54,3,1,1
BRDA:100,4,0,0
BRF:10
BRH:2
end_of_record
TN:
SF:src\components\dashboardNavLinks\NavLinks.jsx
FN:10,(anonymous_2)
FN:25,(anonymous_3)
FNF:2
FNH:2
FNDA:1,(anonymous_2)
FNDA:5,(anonymous_3)
DA:2,1
DA:3,1
DA:4,1
DA:5,1
DA:6,1
DA:7,1
DA:8,1
DA:10,1
DA:11,1
DA:12,1
DA:20,1
DA:21,1
DA:26,5
DA:113,1
LF:14
LH:14
BRDA:21,0,0,1
BRDA:21,0,1,1
BRDA:29,1,0,1
BRDA:29,1,1,4
BRF:4
BRH:4
end_of_record
TN:
SF:src\components\features-banner\FeatureBanner.jsx
FN:5,FeatureBanner
FNF:1
FNH:1
FNDA:1,FeatureBanner
DA:2,1
DA:3,1
DA:6,1
DA:91,1
LF:4
LH:4
BRF:0
BRH:0
end_of_record
TN:
SF:src\components\filters\categoryFilter\CategoryFilter.jsx
FN:5,CategoryFilter
FN:12,(anonymous_2)
FN:16,(anonymous_3)
FNF:3
FNH:1
FNDA:3,CategoryFilter
FNDA:0,(anonymous_2)
FNDA:0,(anonymous_3)
DA:3,3
DA:6,3
DA:7,3
DA:13,0
DA:16,0
DA:31,3
LF:6
LH:4
BRDA:18,0,0,0
BRDA:18,0,1,0
BRF:2
BRH:0
end_of_record
TN:
SF:src\components\filters\noteFilter\NoteFilter.jsx
FN:4,NoteFilter
FN:13,(anonymous_3)
FN:22,(anonymous_4)
FNF:3
FNH:2
FNDA:3,NoteFilter
FNDA:18,(anonymous_3)
FNDA:0,(anonymous_4)
DA:1,3
DA:2,3
DA:5,3
DA:6,3
DA:14,18
DA:22,0
DA:32,3
LF:7
LH:6
BRDA:18,0,0,0
BRDA:18,0,1,18
BRF:2
BRH:1
end_of_record
TN:
SF:src\components\filters\priceFilter\PriceFilter.jsx
FN:5,(anonymous_4)
FN:16,(anonymous_5)
FN:24,(anonymous_6)
FN:35,(anonymous_7)
FN:53,(anonymous_8)
FN:60,(anonymous_9)
FN:76,(anonymous_10)
FN:83,(anonymous_11)
FNF:8
FNH:1
FNDA:3,(anonymous_4)
FNDA:0,(anonymous_5)
FNDA:0,(anonymous_6)
FNDA:0,(anonymous_7)
FNDA:0,(anonymous_8)
FNDA:0,(anonymous_9)
FNDA:0,(anonymous_10)
FNDA:0,(anonymous_11)
DA:2,3
DA:3,3
DA:5,3
DA:6,3
DA:7,3
DA:8,3
DA:9,3
DA:10,3
DA:11,3
DA:14,3
DA:16,3
DA:17,0
DA:24,3
DA:25,0
DA:26,0
DA:28,0
DA:29,0
DA:30,0
DA:35,3
DA:36,0
DA:37,0
DA:39,0
DA:40,0
DA:54,0
DA:58,0
DA:61,0
DA:66,0
DA:77,0
DA:81,0
DA:84,0
DA:88,0
DA:110,3
LF:32
LH:14
BRDA:28,0,0,0
BRDA:39,1,0,0
BRDA:69,2,0,3
BRDA:69,2,1,0
BRF:4
BRH:1
end_of_record
TN:
SF:src\components\filters\statusFilter\StatusFilter.jsx
FN:4,StatusFilter
FN:24,(anonymous_3)
FN:35,(anonymous_4)
FNF:3
FNH:2
FNDA:3,StatusFilter
FNDA:6,(anonymous_3)
FNDA:0,(anonymous_4)
DA:1,3
DA:2,3
DA:5,3
DA:7,3
DA:19,3
DA:25,6
DA:35,0
DA:51,3
LF:8
LH:7
BRDA:39,0,0,0
BRDA:39,0,1,6
BRF:2
BRH:1
end_of_record
TN:
SF:src\components\form\Form.js
FN:13,CustomForm
FN:25,(anonymous_3)
FN:38,(anonymous_4)
FN:43,(anonymous_5)
FN:79,(anonymous_6)
FN:85,(anonymous_7)
FN:122,(anonymous_8)
FN:135,(anonymous_9)
FN:196,(anonymous_10)
FN:212,(anonymous_11)
FN:233,(anonymous_12)
FN:248,(anonymous_13)
FN:280,(anonymous_14)
FNF:13
FNH:2
FNDA:1,CustomForm
FNDA:1,(anonymous_3)
FNDA:0,(anonymous_4)
FNDA:0,(anonymous_5)
FNDA:0,(anonymous_6)
FNDA:0,(anonymous_7)
FNDA:0,(anonymous_8)
FNDA:0,(anonymous_9)
FNDA:0,(anonymous_10)
FNDA:0,(anonymous_11)
FNDA:0,(anonymous_12)
FNDA:0,(anonymous_13)
FNDA:0,(anonymous_14)
DA:2,1
DA:3,1
DA:4,1
DA:9,1
DA:11,1
DA:14,1
DA:15,1
DA:16,1
DA:17,1
DA:18,1
DA:19,1
DA:20,1
DA:21,1
DA:22,1
DA:23,1
DA:25,1
DA:26,1
DA:38,1
DA:39,0
DA:40,0
DA:43,1
DA:44,0
DA:46,0
DA:47,0
DA:48,0
DA:59,0
DA:60,0
DA:61,0
DA:62,0
DA:66,0
DA:68,0
DA:71,0
DA:73,0
DA:74,0
DA:77,0
DA:79,0
DA:80,0
DA:85,1
DA:86,0
DA:87,0
DA:89,0
DA:90,0
DA:91,0
DA:94,0
DA:95,0
DA:96,0
DA:99,0
DA:106,0
DA:122,0
DA:135,0
DA:196,0
DA:212,0
DA:233,0
DA:248,0
DA:280,0
DA:322,1
LF:56
LH:21
BRDA:27,0,0,1
BRDA:27,0,1,0
BRDA:27,0,2,0
BRDA:27,0,3,1
BRDA:27,0,4,0
BRDA:27,0,5,0
BRDA:27,0,6,0
BRDA:27,0,7,0
BRDA:27,0,8,0
BRDA:27,0,9,0
BRDA:47,1,0,0
BRDA:47,1,1,0
BRDA:52,2,0,0
BRDA:52,2,1,0
BRDA:53,3,0,0
BRDA:53,3,1,0
BRDA:54,4,0,0
BRDA:54,4,1,0
BRDA:55,5,0,0
BRDA:55,5,1,0
BRDA:61,6,0,0
BRDA:73,7,0,0
BRDA:89,8,0,0
BRDA:89,9,0,0
BRDA:89,9,1,0
BRDA:94,10,0,0
BRDA:94,11,0,0
BRDA:94,11,1,0
BRDA:115,12,0,1
BRDA:189,13,0,1
BRDA:227,14,0,1
BRDA:263,15,0,1
BRDA:275,16,0,1
BRDA:303,17,0,1
BRDA:313,18,0,0
BRDA:313,18,1,1
BRF:36
BRH:9
end_of_record
TN:
SF:src\components\googleLoginButton\GoogleButton.js
FN:5,(anonymous_1)
FN:11,(anonymous_2)
FNF:2
FNH:1
FNDA:1,(anonymous_1)
FNDA:0,(anonymous_2)
DA:2,1
DA:3,1
DA:5,1
DA:6,1
DA:11,1
DA:12,0
DA:32,1
LF:7
LH:6
BRF:0
BRH:0
end_of_record
TN:
SF:src\components\heroCarousel\HeroCarousel.jsx
FN:62,HeroCarousel
FN:78,(anonymous_6)
FN:83,(anonymous_7)
FN:85,(anonymous_8)
FN:98,(anonymous_9)
FN:100,(anonymous_10)
FN:106,(anonymous_11)
FN:111,(anonymous_12)
FN:117,(anonymous_13)
FN:132,(anonymous_14)
FNF:10
FNH:2
FNDA:1,HeroCarousel
FNDA:0,(anonymous_6)
FNDA:0,(anonymous_7)
FNDA:0,(anonymous_8)
FNDA:0,(anonymous_9)
FNDA:0,(anonymous_10)
FNDA:0,(anonymous_11)
FNDA:0,(anonymous_12)
FNDA:0,(anonymous_13)
FNDA:6,(anonymous_14)
DA:2,1
DA:3,1
DA:4,1
DA:7,1
DA:9,1
DA:11,1
DA:63,1
DA:64,1
DA:65,1
DA:66,1
DA:67,1
DA:68,1
DA:71,1
DA:73,1
DA:76,1
DA:78,1
DA:79,0
DA:80,0
DA:83,1
DA:85,1
DA:86,0
DA:87,0
DA:88,0
DA:89,0
DA:90,0
DA:91,0
DA:93,0
DA:94,0
DA:98,1
DA:99,0
DA:100,0
DA:101,0
DA:102,0
DA:106,0
DA:107,0
DA:111,1
DA:112,0
DA:113,0
DA:114,0
DA:117,1
DA:118,0
DA:119,0
DA:120,0
DA:133,6
DA:181,1
LF:45
LH:23
BRDA:86,0,0,0
BRDA:86,1,0,0
BRDA:86,1,1,0
BRDA:90,2,0,0
BRDA:93,3,0,0
BRDA:99,4,0,0
BRDA:161,5,0,1
BRDA:171,6,0,1
BRF:8
BRH:2
end_of_record
TN:
SF:src\components\imageFolder\UploadImage.js
FN:10,(anonymous_2)
FN:16,(anonymous_3)
FN:24,(anonymous_4)
FN:46,(anonymous_5)
FN:65,(anonymous_6)
FN:97,(anonymous_7)
FNF:6
FNH:1
FNDA:1,(anonymous_2)
FNDA:0,(anonymous_3)
FNDA:0,(anonymous_4)
FNDA:0,(anonymous_5)
FNDA:0,(anonymous_6)
FNDA:0,(anonymous_7)
DA:2,2
DA:3,2
DA:4,2
DA:5,2
DA:6,2
DA:8,2
DA:10,2
DA:11,1
DA:12,1
DA:13,1
DA:14,1
DA:16,1
DA:17,0
DA:18,0
DA:20,0
DA:24,1
DA:25,0
DA:26,0
DA:28,0
DA:29,0
DA:31,0
DA:32,0
DA:33,0
DA:37,0
DA:38,0
DA:39,0
DA:40,0
DA:42,0
DA:43,0
DA:46,0
DA:48,0
DA:54,0
DA:55,0
DA:56,0
DA:58,0
DA:59,0
DA:62,0
DA:65,1
DA:97,0
DA:128,2
LF:40
LH:15
BRDA:17,0,0,0
BRDA:17,0,1,0
BRDA:17,1,0,0
BRDA:17,1,1,0
BRDA:25,2,0,0
BRDA:25,2,1,0
BRDA:70,3,0,0
BRDA:76,4,0,0
BRDA:91,5,0,0
BRDA:91,5,1,1
BRDA:99,6,0,1
BRF:11
BRH:2
end_of_record
TN:
SF:src\components\locationInput\LocationInput.js
FN:6,(anonymous_1)
FN:17,(anonymous_2)
FN:27,(anonymous_3)
FN:47,(anonymous_4)
FN:55,(anonymous_5)
FN:71,(anonymous_6)
FN:75,(anonymous_7)
FNF:7
FNH:1
FNDA:1,(anonymous_1)
FNDA:0,(anonymous_2)
FNDA:0,(anonymous_3)
FNDA:0,(anonymous_4)
FNDA:0,(anonymous_5)
FNDA:0,(anonymous_6)
FNDA:0,(anonymous_7)
DA:2,3
DA:4,3
DA:6,3
DA:12,1
DA:13,1
DA:14,1
DA:15,1
DA:17,1
DA:18,0
DA:19,0
DA:20,0
DA:22,0
DA:23,0
DA:24,0
DA:27,0
DA:28,0
DA:29,0
DA:30,0
DA:36,0
DA:37,0
DA:39,0
DA:42,0
DA:43,0
DA:47,1
DA:48,0
DA:49,0
DA:50,0
DA:52,0
DA:55,1
DA:56,0
DA:72,0
DA:76,0
DA:91,3
LF:33
LH:11
BRDA:22,0,0,0
BRDA:29,1,0,0
BRDA:29,1,1,0
BRDA:36,2,0,0
BRDA:36,2,1,0
BRDA:69,3,0,1
BRDA:69,3,1,0
BRDA:86,4,0,1
BRF:8
BRH:2
end_of_record
TN:
SF:src\components\myListings\MyDashboard.jsx
FN:6,(anonymous_2)
FNF:1
FNH:1
FNDA:1,(anonymous_2)
DA:2,1
DA:3,1
DA:4,1
DA:6,1
DA:7,1
DA:8,1
DA:9,1
DA:25,1
LF:8
LH:8
BRF:0
BRH:0
end_of_record
TN:
SF:src\components\notifications\NotificationsDropDown.js
FN:12,NotificationsDropdown
FN:24,(anonymous_3)
FN:25,(anonymous_4)
FN:45,(anonymous_5)
FN:50,(anonymous_6)
FN:63,(anonymous_7)
FN:86,(anonymous_8)
FN:90,(anonymous_9)
FN:95,(anonymous_10)
FN:105,(anonymous_11)
FN:127,(anonymous_12)
FN:177,getReadableTimeDifference
FNF:12
FNH:1
FNDA:1,NotificationsDropdown
FNDA:0,(anonymous_3)
FNDA:0,(anonymous_4)
FNDA:0,(anonymous_5)
FNDA:0,(anonymous_6)
FNDA:0,(anonymous_7)
FNDA:0,(anonymous_8)
FNDA:0,(anonymous_9)
FNDA:0,(anonymous_10)
FNDA:0,(anonymous_11)
FNDA:0,(anonymous_12)
FNDA:0,getReadableTimeDifference
DA:1,1
DA:2,1
DA:3,1
DA:4,1
DA:5,1
DA:6,1
DA:8,1
DA:10,1
DA:13,1
DA:14,1
DA:15,1
DA:18,1
DA:22,1
DA:24,1
DA:25,0
DA:26,0
DA:27,0
DA:31,0
DA:32,0
DA:36,0
DA:38,0
DA:39,0
DA:40,0
DA:42,0
DA:45,0
DA:46,0
DA:50,1
DA:53,0
DA:60,0
DA:61,0
DA:63,0
DA:64,0
DA:65,0
DA:67,0
DA:86,1
DA:87,0
DA:88,0
DA:89,0
DA:90,0
DA:91,0
DA:92,0
DA:95,1
DA:96,0
DA:99,1
DA:100,1
DA:101,0
DA:106,0
DA:128,0
DA:175,1
DA:178,0
DA:179,0
DA:180,0
DA:184,0
DA:185,0
DA:188,0
DA:189,0
DA:190,0
DA:193,0
DA:194,0
DA:195,0
DA:198,0
DA:199,0
DA:200,0
DA:202,0
DA:203,0
LF:65
LH:20
BRDA:26,0,0,0
BRDA:31,1,0,0
BRDA:31,1,1,0
BRDA:38,2,0,0
BRDA:60,3,0,0
BRDA:88,4,0,0
BRDA:99,5,0,1
BRDA:99,5,1,0
BRDA:101,6,0,0
BRDA:113,7,0,0
BRDA:120,8,0,0
BRDA:126,9,0,0
BRDA:126,9,1,0
BRDA:135,10,0,0
BRDA:135,10,1,0
BRDA:184,11,0,0
BRDA:184,11,1,0
BRDA:186,12,0,0
BRDA:186,12,1,0
BRDA:188,13,0,0
BRDA:188,13,1,0
BRDA:191,14,0,0
BRDA:191,14,1,0
BRDA:193,15,0,0
BRDA:193,15,1,0
BRDA:196,16,0,0
BRDA:196,16,1,0
BRDA:198,17,0,0
BRDA:198,17,1,0
BRDA:200,18,0,0
BRDA:200,18,1,0
BRDA:204,19,0,0
BRDA:204,19,1,0
BRF:33
BRH:1
end_of_record
TN:
SF:src\components\product-display\ProductDisplay.jsx
FN:14,ProductDisplay
FN:21,(anonymous_6)
FN:23,(anonymous_7)
FN:32,(anonymous_8)
FN:42,(anonymous_9)
FN:46,(anonymous_10)
FNF:6
FNH:2
FNDA:1,ProductDisplay
FNDA:0,(anonymous_6)
FNDA:0,(anonymous_7)
FNDA:0,(anonymous_8)
FNDA:4,(anonymous_9)
FNDA:0,(anonymous_10)
DA:2,1
DA:3,1
DA:15,1
DA:17,1
DA:18,1
DA:19,1
DA:21,1
DA:22,0
DA:23,0
DA:24,0
DA:25,0
DA:26,0
DA:27,0
DA:28,0
DA:32,0
DA:43,4
DA:46,0
DA:73,1
LF:18
LH:9
BRDA:22,0,0,0
BRDA:27,1,0,0
BRF:2
BRH:0
end_of_record
TN:
SF:src\components\productCard\ProductCard.jsx
FN:14,ProductCard
FN:18,(anonymous_3)
FNF:2
FNH:2
FNDA:1,ProductCard
FNDA:1,(anonymous_3)
DA:3,2
DA:4,2
DA:5,2
DA:6,2
DA:7,2
DA:9,2
DA:11,2
DA:12,2
DA:14,1
DA:15,1
DA:16,1
DA:18,1
LF:12
LH:12
BRDA:21,0,0,1
BRDA:27,1,0,1
BRDA:67,2,0,1
BRDA:67,2,1,0
BRF:4
BRH:3
end_of_record
TN:
SF:src\components\productCard\itemConditionLabel\ItemConditionLabel.jsx
FN:5,(anonymous_2)
FNF:1
FNH:1
FNDA:2,(anonymous_2)
DA:1,3
DA:2,3
DA:3,3
DA:5,3
DA:6,2
DA:24,3
LF:6
LH:6
BRF:0
BRH:0
end_of_record
TN:
SF:src\components\productCard\itemLabel\ItemLabel.jsx
FN:5,(anonymous_2)
FNF:1
FNH:1
FNDA:2,(anonymous_2)
DA:2,3
DA:3,3
DA:5,3
DA:6,2
DA:8,2
DA:9,2
DA:10,0
DA:11,2
DA:12,0
DA:14,2
DA:26,3
LF:11
LH:9
BRDA:9,0,0,0
BRDA:9,0,1,2
BRDA:11,1,0,0
BRDA:11,1,1,2
BRF:4
BRH:2
end_of_record
TN:
SF:src\components\productDetailsSection\ProductDetailSection.jsx
FN:25,(anonymous_5)
FN:45,ProductDetailSection
FN:54,(anonymous_7)
FN:55,(anonymous_8)
FN:76,(anonymous_9)
FNF:5
FNH:1
FNDA:0,(anonymous_5)
FNDA:1,ProductDetailSection
FNDA:0,(anonymous_7)
FNDA:0,(anonymous_8)
FNDA:0,(anonymous_9)
DA:2,1
DA:3,1
DA:4,1
DA:5,1
DA:6,1
DA:8,1
DA:9,1
DA:17,1
DA:19,1
DA:20,1
DA:21,1
DA:22,1
DA:23,1
DA:25,1
DA:31,0
DA:36,0
DA:41,0
DA:42,0
DA:45,1
DA:46,1
DA:47,1
DA:48,1
DA:50,1
DA:51,1
DA:52,1
DA:53,1
DA:54,1
DA:55,0
DA:56,0
DA:57,0
DA:58,0
DA:62,0
DA:63,0
DA:64,0
DA:68,0
DA:70,0
DA:73,0
DA:76,1
DA:77,0
DA:78,0
DA:79,0
DA:80,0
DA:81,0
DA:87,0
DA:94,0
DA:96,0
DA:102,0
DA:108,0
DA:110,0
DA:117,0
DA:123,0
DA:126,0
DA:133,0
LF:53
LH:24
BRDA:38,0,0,0
BRDA:38,0,1,0
BRDA:57,1,0,0
BRDA:57,2,0,0
BRDA:57,2,1,0
BRDA:78,3,0,0
BRDA:78,3,1,0
BRDA:80,4,0,0
BRDA:80,4,1,0
BRDA:145,5,0,1
BRDA:145,5,1,0
BRDA:156,6,0,1
BRDA:156,6,1,0
BRDA:162,7,0,1
BRDA:162,7,1,0
BRDA:166,8,0,0
BRDA:170,9,0,0
BRDA:178,10,0,0
BRDA:202,11,0,0
BRF:19
BRH:3
end_of_record
TN:
SF:src\components\productItems\ProductItem.jsx
FN:9,(anonymous_2)
FN:24,(anonymous_3)
FN:25,(anonymous_4)
FNF:3
FNH:1
FNDA:1,(anonymous_2)
FNDA:0,(anonymous_3)
FNDA:0,(anonymous_4)
DA:1,1
DA:2,1
DA:3,1
DA:4,1
DA:5,1
DA:7,1
DA:9,1
DA:10,1
DA:11,1
DA:12,1
DA:13,1
DA:14,0
DA:15,1
DA:16,0
DA:17,1
DA:18,0
DA:21,1
DA:22,1
DA:23,1
DA:24,1
DA:25,0
DA:26,0
DA:27,0
DA:28,0
DA:30,0
DA:31,0
DA:33,0
DA:36,0
DA:39,0
DA:144,1
LF:30
LH:18
BRDA:13,0,0,0
BRDA:13,0,1,1
BRDA:15,1,0,0
BRDA:15,1,1,1
BRDA:17,2,0,0
BRDA:45,3,0,1
BRDA:65,4,0,0
BRF:7
BRH:3
end_of_record
TN:
SF:src\components\profilePicture\ProfilePic.jsx
FN:1,ProfilePic
FNF:1
FNH:1
FNDA:2,ProfilePic
DA:21,2
LF:1
LH:1
BRDA:7,0,0,0
BRDA:7,0,1,2
BRDA:13,1,0,0
BRDA:13,1,1,2
BRDA:13,2,0,2
BRDA:13,2,1,2
BRDA:13,2,2,2
BRF:7
BRH:5
end_of_record
TN:
SF:src\components\profileUserInformation\ProfileUserInfo.jsx
FN:9,ProfileUserInfo
FN:11,(anonymous_5)
FN:12,(anonymous_6)
FNF:3
FNH:1
FNDA:2,ProfileUserInfo
FNDA:0,(anonymous_5)
FNDA:0,(anonymous_6)
DA:1,2
DA:4,2
DA:5,2
DA:7,2
DA:10,2
DA:11,2
DA:12,0
DA:13,0
DA:14,0
DA:15,0
DA:17,0
DA:18,0
DA:19,0
DA:20,0
DA:22,0
DA:24,0
DA:27,0
DA:34,0
DA:56,2
LF:19
LH:7
BRDA:13,0,0,0
BRDA:19,1,0,0
BRDA:19,2,0,0
BRDA:19,2,1,0
BRDA:39,3,0,1
BRDA:39,3,1,1
BRDA:44,4,0,1
BRDA:44,4,1,1
BRDA:50,5,0,1
BRDA:50,5,1,1
BRF:10
BRH:6
end_of_record
TN:
SF:src\components\sections\HowItWorks.jsx
FN:6,(anonymous_2)
FNF:1
FNH:1
FNDA:1,(anonymous_2)
DA:2,1
DA:3,1
DA:4,1
DA:6,1
DA:7,1
DA:234,1
LF:6
LH:6
BRF:0
BRH:0
end_of_record
TN:
SF:src\components\sidebars\mobileSidebar\MobileSideBar.jsx
FN:8,MobileSideBar
FN:13,(anonymous_6)
FN:20,(anonymous_7)
FN:33,(anonymous_8)
FN:41,(anonymous_9)
FNF:5
FNH:1
FNDA:1,MobileSideBar
FNDA:0,(anonymous_6)
FNDA:0,(anonymous_7)
FNDA:0,(anonymous_8)
FNDA:0,(anonymous_9)
DA:2,1
DA:3,1
DA:4,1
DA:6,1
DA:9,1
DA:11,1
DA:13,1
DA:15,0
DA:16,0
DA:20,0
DA:21,0
DA:23,0
DA:25,0
DA:30,0
DA:33,0
DA:34,0
DA:37,0
DA:41,1
DA:78,1
LF:19
LH:9
BRDA:15,0,0,0
BRDA:21,1,0,0
BRDA:21,1,1,0
BRDA:47,2,0,0
BRDA:47,2,1,1
BRDA:56,3,0,0
BRDA:56,3,1,1
BRDA:68,4,0,0
BRDA:68,4,1,1
BRDA:68,5,0,1
BRDA:68,5,1,0
BRF:11
BRH:4
end_of_record
TN:
SF:src\components\sortingControl\SortingControl.jsx
FN:5,(anonymous_2)
FNF:1
FNH:1
FNDA:1,(anonymous_2)
DA:2,1
DA:3,1
DA:5,1
DA:6,1
DA:69,1
LF:5
LH:5
BRF:0
BRH:0
end_of_record
TN:
SF:src\components\starRating\StarRating.js
FN:4,(anonymous_2)
FN:9,(anonymous_3)
FN:15,(anonymous_4)
FN:19,(anonymous_5)
FN:25,(anonymous_6)
FN:28,(anonymous_7)
FN:32,(anonymous_8)
FNF:7
FNH:2
FNDA:2,(anonymous_2)
FNDA:0,(anonymous_3)
FNDA:10,(anonymous_4)
FNDA:0,(anonymous_5)
FNDA:0,(anonymous_6)
FNDA:0,(anonymous_7)
FNDA:0,(anonymous_8)
DA:1,2
DA:2,2
DA:4,2
DA:5,2
DA:6,2
DA:7,2
DA:9,2
DA:10,0
DA:16,10
DA:19,0
DA:25,0
DA:29,0
DA:32,0
DA:39,2
LF:14
LH:9
BRDA:7,0,0,0
BRDA:7,0,1,2
BRDA:22,1,0,2
BRF:3
BRH:2
end_of_record
TN:
SF:src\components\tables\dashboardTable\DashboardTable.jsx
FN:20,DashboardTable
FN:26,(anonymous_3)
FN:40,DashboardTableHead
FN:104,DashboardTableRow
FN:176,DashboardTableActions
FN:186,(anonymous_7)
FN:195,(anonymous_8)
FN:201,(anonymous_9)
FN:210,(anonymous_10)
FN:219,(anonymous_11)
FN:228,(anonymous_12)
FN:250,(anonymous_13)
FN:284,(anonymous_14)
FN:287,(anonymous_15)
FNF:14
FNH:2
FNDA:1,DashboardTable
FNDA:0,(anonymous_3)
FNDA:1,DashboardTableHead
FNDA:0,DashboardTableRow
FNDA:0,DashboardTableActions
FNDA:0,(anonymous_7)
FNDA:0,(anonymous_8)
FNDA:0,(anonymous_9)
FNDA:0,(anonymous_10)
FNDA:0,(anonymous_11)
FNDA:0,(anonymous_12)
FNDA:0,(anonymous_13)
FNDA:0,(anonymous_14)
FNDA:0,(anonymous_15)
DA:2,1
DA:3,1
DA:4,1
DA:5,1
DA:6,1
DA:7,1
DA:8,1
DA:9,1
DA:10,1
DA:11,1
DA:12,1
DA:18,1
DA:27,0
DA:38,1
DA:41,1
DA:42,1
DA:49,1
DA:51,1
DA:105,0
DA:111,0
DA:180,0
DA:181,0
DA:187,0
DA:188,0
DA:195,0
DA:202,0
DA:203,0
DA:211,0
DA:212,0
DA:220,0
DA:221,0
DA:228,0
DA:232,0
DA:238,0
DA:246,0
DA:250,0
DA:252,0
DA:254,0
DA:256,0
DA:264,0
DA:271,0
DA:277,0
DA:278,0
DA:285,0
DA:287,0
DA:288,0
DA:294,0
DA:296,0
LF:48
LH:17
BRDA:25,0,0,1
BRDA:25,0,1,0
BRDA:51,1,0,1
BRDA:51,1,1,1
BRDA:73,2,0,1
BRDA:152,3,0,0
BRDA:158,4,0,0
BRDA:158,4,1,0
BRDA:246,5,0,0
BRDA:246,5,1,0
BRDA:246,6,0,0
BRDA:246,6,1,0
BRDA:252,7,0,0
BRDA:252,7,1,0
BRDA:252,8,0,0
BRDA:252,8,1,0
BRDA:254,9,0,0
BRDA:254,9,1,0
BRDA:254,10,0,0
BRDA:254,10,1,0
BRDA:283,11,0,0
BRDA:283,11,1,0
BRF:22
BRH:4
end_of_record
TN:
SF:src\components\tables\userStuffTable\UserStuffTable.jsx
FN:5,UserStuffTable
FN:12,(anonymous_3)
FN:29,(anonymous_4)
FNF:3
FNH:0
FNDA:0,UserStuffTable
FNDA:0,(anonymous_3)
FNDA:0,(anonymous_4)
DA:1,1
DA:2,1
DA:3,1
DA:6,0
DA:13,0
DA:30,0
DA:69,1
LF:7
LH:4
BRDA:27,0,0,0
BRDA:27,0,1,0
BRDA:27,0,2,0
BRF:3
BRH:0
end_of_record
TN:
SF:src\components\testimonials\Testimonials.jsx
FN:8,(anonymous_5)
FN:18,(anonymous_6)
FN:19,(anonymous_7)
FN:24,(anonymous_8)
FNF:4
FNH:1
FNDA:1,(anonymous_5)
FNDA:0,(anonymous_6)
FNDA:0,(anonymous_7)
FNDA:0,(anonymous_8)
DA:2,1
DA:3,1
DA:4,1
DA:6,1
DA:8,1
DA:9,1
DA:10,1
DA:11,1
DA:12,1
DA:18,1
DA:19,0
DA:20,0
DA:21,0
DA:24,0
DA:62,1
LF:15
LH:11
BRF:0
BRH:0
end_of_record
TN:
SF:src\components\uploadId\UploadId.js
FN:10,(anonymous_2)
FN:17,(anonymous_3)
FN:25,(anonymous_4)
FN:47,(anonymous_5)
FN:66,(anonymous_6)
FN:101,(anonymous_7)
FNF:6
FNH:1
FNDA:1,(anonymous_2)
FNDA:0,(anonymous_3)
FNDA:0,(anonymous_4)
FNDA:0,(anonymous_5)
FNDA:0,(anonymous_6)
FNDA:0,(anonymous_7)
DA:2,2
DA:3,2
DA:4,2
DA:5,2
DA:6,2
DA:8,2
DA:10,2
DA:11,1
DA:12,1
DA:13,1
DA:14,1
DA:15,1
DA:17,1
DA:18,0
DA:19,0
DA:21,0
DA:25,1
DA:26,0
DA:27,0
DA:29,0
DA:30,0
DA:32,0
DA:33,0
DA:34,0
DA:38,0
DA:39,0
DA:40,0
DA:41,0
DA:43,0
DA:44,0
DA:47,0
DA:48,0
DA:54,0
DA:55,0
DA:56,0
DA:58,0
DA:59,0
DA:62,0
DA:66,1
DA:101,0
DA:132,2
LF:41
LH:16
BRDA:18,0,0,0
BRDA:18,0,1,0
BRDA:18,1,0,0
BRDA:18,1,1,0
BRDA:26,2,0,0
BRDA:26,2,1,0
BRDA:72,3,0,0
BRDA:78,4,0,0
BRDA:95,5,0,0
BRDA:95,5,1,1
BRDA:103,6,0,1
BRF:11
BRH:2
end_of_record
TN:
SF:src\components\userProfileForm\UserProfileForm.js
FN:19,(anonymous_2)
FN:42,(anonymous_3)
FN:43,(anonymous_4)
FN:63,(anonymous_5)
FN:64,(anonymous_6)
FN:89,(anonymous_7)
FN:94,(anonymous_8)
FN:99,(anonymous_9)
FN:105,(anonymous_10)
FN:110,(anonymous_11)
FN:128,(anonymous_12)
FNF:11
FNH:1
FNDA:1,(anonymous_2)
FNDA:0,(anonymous_3)
FNDA:0,(anonymous_4)
FNDA:0,(anonymous_5)
FNDA:0,(anonymous_6)
FNDA:0,(anonymous_7)
FNDA:0,(anonymous_8)
FNDA:0,(anonymous_9)
FNDA:0,(anonymous_10)
FNDA:0,(anonymous_11)
FNDA:0,(anonymous_12)
DA:2,1
DA:3,1
DA:4,1
DA:5,1
DA:6,1
DA:8,1
DA:10,1
DA:11,1
DA:13,1
DA:15,1
DA:16,1
DA:17,1
DA:19,1
DA:20,1
DA:21,1
DA:22,1
DA:23,1
DA:24,1
DA:25,1
DA:26,1
DA:28,1
DA:40,1
DA:41,1
DA:42,1
DA:43,0
DA:44,0
DA:45,0
DA:46,0
DA:48,0
DA:55,0
DA:56,0
DA:57,0
DA:60,0
DA:63,1
DA:64,0
DA:65,0
DA:66,0
DA:67,0
DA:69,0
DA:70,0
DA:71,0
DA:72,0
DA:74,0
DA:76,0
DA:79,0
DA:86,0
DA:89,1
DA:90,0
DA:91,0
DA:94,1
DA:95,0
DA:96,0
DA:99,1
DA:101,0
DA:102,0
DA:105,1
DA:106,0
DA:107,0
DA:110,1
DA:111,0
DA:112,0
DA:113,0
DA:121,0
DA:128,1
DA:129,0
DA:130,0
DA:131,0
DA:132,0
DA:133,0
DA:139,0
DA:140,0
DA:141,0
DA:144,1
DA:151,0
DA:313,1
LF:75
LH:33
BRDA:44,0,0,0
BRDA:46,1,0,0
BRDA:46,2,0,0
BRDA:53,3,0,0
BRDA:53,3,1,0
BRDA:65,4,0,0
BRDA:71,5,0,0
BRDA:71,6,0,0
BRDA:71,6,1,0
BRDA:111,7,0,0
BRDA:111,7,1,0
BRDA:112,8,0,0
BRDA:112,9,0,0
BRDA:131,10,0,0
BRDA:131,10,1,0
BRDA:144,11,0,1
BRDA:151,12,0,0
BRDA:244,13,0,0
BRDA:244,13,1,0
BRF:19
BRH:1
end_of_record
TN:
SF:src\components\userProvider\UserProvider.js
FN:7,UserProvider
FN:11,(anonymous_4)
FN:12,(anonymous_5)
FN:24,(anonymous_6)
FN:25,(anonymous_7)
FN:31,(anonymous_8)
FN:52,useUser
FNF:7
FNH:2
FNDA:6,UserProvider
FNDA:0,(anonymous_4)
FNDA:0,(anonymous_5)
FNDA:0,(anonymous_6)
FNDA:0,(anonymous_7)
FNDA:0,(anonymous_8)
FNDA:5,useUser
DA:3,7
DA:5,7
DA:7,6
DA:8,6
DA:9,6
DA:10,6
DA:11,6
DA:12,0
DA:13,0
DA:14,0
DA:15,0
DA:17,0
DA:21,0
DA:24,6
DA:25,0
DA:26,0
DA:27,0
DA:28,0
DA:29,0
DA:31,0
DA:33,0
DA:37,0
DA:38,0
DA:42,0
DA:52,5
DA:53,5
LF:26
LH:10
BRDA:27,0,0,0
BRDA:27,0,1,0
BRF:2
BRH:0
end_of_record
TN:
SF:src\components\userStatus\UserStatus.js
FN:13,UserStatus
FN:18,(anonymous_3)
FN:33,(anonymous_4)
FN:34,(anonymous_5)
FN:46,(anonymous_6)
FN:63,(anonymous_7)
FN:88,(anonymous_8)
FN:97,(anonymous_9)
FN:109,(anonymous_10)
FNF:9
FNH:1
FNDA:1,UserStatus
FNDA:0,(anonymous_3)
FNDA:0,(anonymous_4)
FNDA:0,(anonymous_5)
FNDA:0,(anonymous_6)
FNDA:0,(anonymous_7)
FNDA:0,(anonymous_8)
FNDA:0,(anonymous_9)
FNDA:0,(anonymous_10)
DA:3,1
DA:4,1
DA:5,1
DA:6,1
DA:7,1
DA:9,1
DA:11,1
DA:14,1
DA:15,1
DA:16,1
DA:18,1
DA:19,0
DA:20,0
DA:22,0
DA:25,1
DA:33,1
DA:34,0
DA:35,0
DA:36,0
DA:40,0
DA:41,0
DA:43,0
DA:46,0
DA:47,0
DA:51,1
DA:59,0
DA:63,0
DA:89,0
DA:98,0
DA:110,0
DA:142,1
LF:31
LH:15
BRDA:35,0,0,0
BRDA:40,1,0,0
BRDA:40,1,1,0
BRDA:51,2,0,1
BRDA:51,2,1,0
BRDA:59,3,0,0
BRDA:59,3,1,0
BRDA:78,4,0,0
BRF:8
BRH:1
end_of_record
TN:
SF:src\components\wrappers\productsFilterWrapper\ProductsFilterWrapper.jsx
FN:13,ProductsFilterWrapper
FN:43,(anonymous_6)
FN:51,(anonymous_7)
FN:54,(anonymous_8)
FN:57,(anonymous_9)
FN:61,(anonymous_10)
FN:65,(anonymous_11)
FN:72,(anonymous_12)
FN:82,(anonymous_13)
FN:97,(anonymous_14)
FNF:10
FNH:1
FNDA:2,ProductsFilterWrapper
FNDA:0,(anonymous_6)
FNDA:0,(anonymous_7)
FNDA:0,(anonymous_8)
FNDA:0,(anonymous_9)
FNDA:0,(anonymous_10)
FNDA:0,(anonymous_11)
FNDA:0,(anonymous_12)
FNDA:0,(anonymous_13)
FNDA:0,(anonymous_14)
DA:2,2
DA:3,2
DA:4,2
DA:8,2
DA:9,2
DA:10,2
DA:11,2
DA:18,2
DA:19,2
DA:20,2
DA:21,2
DA:25,2
DA:28,2
DA:31,2
DA:36,2
DA:38,2
DA:43,2
DA:44,0
DA:45,0
DA:47,0
DA:51,2
DA:52,0
DA:54,2
DA:55,0
DA:57,2
DA:58,0
DA:61,2
DA:62,0
DA:63,0
DA:65,2
DA:66,0
DA:67,0
DA:68,0
DA:69,0
DA:72,2
DA:73,0
DA:75,0
DA:82,0
DA:83,0
DA:84,0
DA:90,0
DA:94,0
DA:97,2
DA:98,0
DA:99,0
DA:100,0
DA:103,0
DA:104,0
DA:151,2
LF:49
LH:25
BRDA:14,0,0,1
BRDA:22,1,0,0
BRDA:22,1,1,2
BRDA:23,2,0,0
BRDA:23,2,1,2
BRDA:26,3,0,0
BRDA:26,3,1,2
BRDA:29,4,0,0
BRDA:29,4,1,2
BRDA:32,5,0,0
BRDA:32,5,1,2
BRDA:44,6,0,0
BRDA:44,6,1,0
BRDA:77,7,0,0
BRDA:77,7,1,0
BRDA:83,8,0,0
BRDA:90,9,0,0
BRDA:90,9,1,0
BRDA:98,10,0,0
BRDA:103,11,0,0
BRDA:139,12,0,2
BRF:21
BRH:7
end_of_record
TN:
SF:src\hooks\useTextDirection.jsx
FN:4,useTextDirection
FNF:1
FNH:1
FNDA:2,useTextDirection
DA:1,3
DA:2,3
DA:4,2
DA:5,2
DA:6,2
DA:7,2
LF:6
LH:6
BRDA:6,0,0,2
BRDA:7,1,0,0
BRDA:7,1,1,2
BRF:3
BRH:2
end_of_record
TN:
SF:src\lib\_cloudinary.js
FN:12,getSignature
FN:23,saveToDatabase
FNF:2
FNH:0
FNDA:0,getSignature
FNDA:0,saveToDatabase
DA:3,4
DA:5,4
DA:12,0
DA:13,0
DA:15,0
DA:20,0
DA:23,0
DA:25,0
DA:30,0
LF:9
LH:2
BRDA:30,0,0,0
BRF:1
BRH:0
end_of_record
TN:
SF:src\lib\_supabaseAuth.js
FN:6,createSupabaseServerClient
FN:16,(anonymous_9)
FN:19,(anonymous_10)
FN:22,(anonymous_11)
FN:30,signUpWithEmailAndPassword
FN:46,readUserSession
FN:55,getCurrentUser
FN:68,signOut
FN:73,signInWithEmailAndPassword
FN:86,(anonymous_17)
FNF:10
FNH:0
FNDA:0,createSupabaseServerClient
FNDA:0,(anonymous_9)
FNDA:0,(anonymous_10)
FNDA:0,(anonymous_11)
FNDA:0,signUpWithEmailAndPassword
FNDA:0,readUserSession
FNDA:0,getCurrentUser
FNDA:0,signOut
FNDA:0,signInWithEmailAndPassword
FNDA:0,(anonymous_17)
DA:3,3
DA:4,3
DA:6,0
DA:7,0
DA:9,0
DA:17,0
DA:20,0
DA:23,0
DA:30,0
DA:31,0
DA:32,0
DA:39,0
DA:40,0
DA:43,0
DA:46,0
DA:47,0
DA:48,0
DA:49,0
DA:50,0
DA:52,0
DA:55,0
DA:56,0
DA:57,0
DA:59,0
DA:60,0
DA:61,0
DA:62,0
DA:64,0
DA:65,0
DA:68,0
DA:69,0
DA:70,0
DA:73,0
DA:74,0
DA:75,0
DA:79,0
DA:80,0
DA:83,0
DA:86,3
DA:87,0
DA:89,0
DA:90,0
DA:91,0
DA:93,0
LF:44
LH:3
BRDA:39,0,0,0
BRDA:49,1,0,0
BRDA:59,2,0,0
BRDA:59,2,1,0
BRDA:61,3,0,0
BRDA:79,4,0,0
BRDA:90,5,0,0
BRF:7
BRH:0
end_of_record
TN:
SF:src\lib\openWeatherAPI.js
FN:3,getGeocodeByCity
FN:22,reverseGeocode
FNF:2
FNH:0
FNDA:0,getGeocodeByCity
FNDA:0,reverseGeocode
DA:3,0
DA:9,0
DA:10,0
DA:11,0
DA:12,0
DA:13,0
DA:15,0
DA:16,0
DA:18,0
DA:22,0
DA:23,0
DA:25,0
DA:26,0
DA:27,0
DA:28,0
DA:29,0
DA:31,0
DA:35,0
DA:36,0
LF:19
LH:0
BRDA:7,0,0,0
BRDA:12,1,0,0
BRDA:22,2,0,0
BRDA:27,3,0,0
BRDA:27,3,1,0
BRF:5
BRH:0
end_of_record
TN:
SF:src\lib\supabase.js
FN:7,createSupabaseServerClient
FN:17,(anonymous_26)
FN:20,(anonymous_27)
FN:23,(anonymous_28)
FN:36,(anonymous_29)
FN:122,(anonymous_30)
FN:135,(anonymous_31)
FN:168,(anonymous_32)
FN:183,(anonymous_33)
FN:198,(anonymous_34)
FN:213,(anonymous_35)
FN:228,(anonymous_36)
FN:235,(anonymous_37)
FN:253,(anonymous_38)
FN:263,(anonymous_39)
FN:272,(anonymous_40)
FN:288,(anonymous_41)
FN:308,(anonymous_42)
FN:327,(anonymous_43)
FN:376,(anonymous_44)
FN:392,(anonymous_45)
FN:406,(anonymous_46)
FN:417,(anonymous_47)
FN:432,getLatestProducts
FN:448,(anonymous_49)
FN:463,(anonymous_50)
FN:481,(anonymous_51)
FNF:27
FNH:0
FNDA:0,createSupabaseServerClient
FNDA:0,(anonymous_26)
FNDA:0,(anonymous_27)
FNDA:0,(anonymous_28)
FNDA:0,(anonymous_29)
FNDA:0,(anonymous_30)
FNDA:0,(anonymous_31)
FNDA:0,(anonymous_32)
FNDA:0,(anonymous_33)
FNDA:0,(anonymous_34)
FNDA:0,(anonymous_35)
FNDA:0,(anonymous_36)
FNDA:0,(anonymous_37)
FNDA:0,(anonymous_38)
FNDA:0,(anonymous_39)
FNDA:0,(anonymous_40)
FNDA:0,(anonymous_41)
FNDA:0,(anonymous_42)
FNDA:0,(anonymous_43)
FNDA:0,(anonymous_44)
FNDA:0,(anonymous_45)
FNDA:0,(anonymous_46)
FNDA:0,(anonymous_47)
FNDA:0,getLatestProducts
FNDA:0,(anonymous_49)
FNDA:0,(anonymous_50)
FNDA:0,(anonymous_51)
DA:2,5
DA:3,5
DA:4,5
DA:5,5
DA:7,0
DA:8,0
DA:10,0
DA:18,0
DA:21,0
DA:24,0
DA:36,5
DA:37,0
DA:39,0
DA:40,0
DA:41,0
DA:42,0
DA:47,0
DA:52,0
DA:53,0
DA:55,0
DA:59,0
DA:64,0
DA:66,0
DA:70,0
DA:75,0
DA:77,0
DA:79,0
DA:80,0
DA:83,0
DA:84,0
DA:86,0
DA:88,0
DA:92,0
DA:94,0
DA:95,0
DA:99,0
DA:101,0
DA:103,0
DA:105,0
DA:107,0
DA:110,0
DA:114,0
DA:116,0
DA:118,0
DA:122,5
DA:123,0
DA:125,0
DA:126,0
DA:128,0
DA:130,0
DA:131,0
DA:135,5
DA:136,0
DA:138,0
DA:147,0
DA:155,0
DA:156,0
DA:161,0
DA:163,0
DA:164,0
DA:168,5
DA:169,0
DA:170,0
DA:171,0
DA:173,0
DA:177,0
DA:179,0
DA:180,0
DA:183,5
DA:184,0
DA:186,0
DA:187,0
DA:192,0
DA:193,0
DA:198,5
DA:199,0
DA:200,0
DA:205,0
DA:206,0
DA:208,0
DA:213,5
DA:214,0
DA:215,0
DA:219,0
DA:228,5
DA:229,0
DA:230,0
DA:235,5
DA:236,0
DA:237,0
DA:238,0
DA:240,0
DA:241,0
DA:244,0
DA:246,0
DA:247,0
DA:253,5
DA:254,0
DA:255,0
DA:263,5
DA:264,0
DA:265,0
DA:272,5
DA:273,0
DA:275,0
DA:281,0
DA:282,0
DA:285,0
DA:288,5
DA:289,0
DA:291,0
DA:292,0
DA:298,0
DA:299,0
DA:301,0
DA:303,0
DA:304,0
DA:308,5
DA:309,0
DA:311,0
DA:312,0
DA:317,0
DA:318,0
DA:320,0
DA:322,0
DA:323,0
DA:327,5
DA:328,0
DA:330,0
DA:332,0
DA:333,0
DA:334,0
DA:335,0
DA:337,0
DA:339,0
DA:340,0
DA:344,0
DA:347,0
DA:349,0
DA:355,0
DA:357,0
DA:359,0
DA:360,0
DA:366,0
DA:369,0
DA:371,0
DA:372,0
DA:376,5
DA:377,0
DA:379,0
DA:386,0
DA:387,0
DA:389,0
DA:392,5
DA:393,0
DA:395,0
DA:396,0
DA:399,0
DA:401,0
DA:402,0
DA:406,5
DA:407,0
DA:408,0
DA:411,0
DA:412,0
DA:414,0
DA:417,5
DA:418,0
DA:420,0
DA:425,0
DA:426,0
DA:429,0
DA:432,0
DA:433,0
DA:435,0
DA:441,0
DA:442,0
DA:445,0
DA:448,5
DA:449,0
DA:451,0
DA:452,0
DA:456,0
DA:458,0
DA:459,0
DA:463,5
DA:464,0
DA:466,0
DA:472,0
DA:474,0
DA:475,0
DA:478,0
DA:481,5
DA:482,0
DA:484,0
DA:489,0
DA:491,0
DA:492,0
DA:495,0
LF:199
LH:26
BRDA:53,0,0,0
BRDA:53,0,1,0
BRDA:53,0,2,0
BRDA:53,0,3,0
BRDA:53,0,4,0
BRDA:53,0,5,0
BRDA:53,0,6,0
BRDA:77,1,0,0
BRDA:77,1,1,0
BRDA:171,2,0,0
BRDA:171,2,1,0
BRDA:186,3,0,0
BRDA:186,3,1,0
BRDA:205,4,0,0
BRDA:240,5,0,0
BRDA:281,6,0,0
BRDA:298,7,0,0
BRDA:317,8,0,0
BRDA:339,9,0,0
BRDA:355,10,0,0
BRDA:355,10,1,0
BRDA:359,11,0,0
BRDA:386,12,0,0
BRDA:411,13,0,0
BRDA:425,14,0,0
BRDA:441,15,0,0
BRDA:472,16,0,0
BRDA:489,17,0,0
BRF:28
BRH:0
end_of_record
